=== Overnight monitoring started Sat Mar 21 01:27:17 AM CET 2026 ===
--- Sat Mar 21 01:42:14 AM CET 2026 ---
v1 (EffNet-B3 224px): JOB_STATE_RUNNING | Val   Loss: 1.4003 | Val   Acc: 89.9%
v2 (EffNet-B3 300px): JOB_STATE_RUNNING | Val   Loss: 1.3704 | Val   Acc: 90.0%
ConvNeXt-Small 384px: JOB_STATE_RUNNING | Val   Loss: 1.3703 | Val   Acc: 89.5%
EffNet-B3 focal 384px: JOB_STATE_RUNNING | Val   Loss: 0.8486 | Val   Acc: 88.9%
No classifier weights in GCS yet

--- Sat Mar 21 01:57:25 AM CET 2026 ---
v1 (EffNet-B3 224px): JOB_STATE_RUNNING | Val   Loss: 1.3956 | Val   Acc: 90.1%
v2 (EffNet-B3 300px): JOB_STATE_RUNNING | Val   Loss: 1.3670 | Val   Acc: 89.6%
ConvNeXt-Small 384px: JOB_STATE_RUNNING | Val   Loss: 1.3479 | Val   Acc: 90.4%
EffNet-B3 focal 384px: JOB_STATE_RUNNING | Val   Loss: 0.8506 | Val   Acc: 89.2%
No classifier weights in GCS yet

--- Sat Mar 21 02:12:40 AM CET 2026 ---
v1 (EffNet-B3 224px): JOB_STATE_RUNNING | Val   Loss: 1.3991 | Val   Acc: 90.0%
v2 (EffNet-B3 300px): JOB_STATE_RUNNING | Val   Loss: 1.3697 | Val   Acc: 89.9%
ConvNeXt-Small 384px: JOB_STATE_RUNNING | Val   Loss: 1.3636 | Val   Acc: 90.2%
EffNet-B3 focal 384px: JOB_STATE_RUNNING | Val   Loss: 0.8380 | Val   Acc: 89.5%
No classifier weights in GCS yet

--- Sat Mar 21 02:27:50 AM CET 2026 ---
v1 (EffNet-B3 224px): JOB_STATE_RUNNING | Val   Loss: 1.3991 | Val   Acc: 90.0%
v2 (EffNet-B3 300px): JOB_STATE_RUNNING | Val   Loss: 1.3697 | Val   Acc: 89.9%
ConvNeXt-Small 384px: JOB_STATE_RUNNING | Val   Loss: 1.3773 | Val   Acc: 89.4%
EffNet-B3 focal 384px: JOB_STATE_RUNNING | Val   Loss: 0.8426 | Val   Acc: 89.3%
No classifier weights in GCS yet

--- Sat Mar 21 02:43:04 AM CET 2026 ---
v1 (EffNet-B3 224px): JOB_STATE_SUCCEEDED | Val   Loss: 1.3991 | Val   Acc: 90.0%
v2 (EffNet-B3 300px): JOB_STATE_RUNNING | Val   Loss: 1.3737 | Val   Acc: 90.1%
ConvNeXt-Small 384px: JOB_STATE_RUNNING | Val   Loss: 1.3773 | Val   Acc: 89.4%
EffNet-B3 focal 384px: JOB_STATE_RUNNING | Val   Loss: 0.8402 | Val   Acc: 89.5%
!!! CLASSIFIER WEIGHTS IN GCS:
gs://ai-nm26osl-1792-nmiai/weights/classifier_efficientnet_b3.pt

--- Sat Mar 21 02:58:13 AM CET 2026 ---
v1 (EffNet-B3 224px): JOB_STATE_SUCCEEDED | Val   Loss: 1.3991 | Val   Acc: 90.0%
v2 (EffNet-B3 300px): JOB_STATE_RUNNING | Val   Loss: 1.3714 | Val   Acc: 90.3%
ConvNeXt-Small 384px: JOB_STATE_RUNNING | Val   Loss: 1.3826 | Val   Acc: 89.6%
EffNet-B3 focal 384px: JOB_STATE_RUNNING | Val   Loss: 0.8402 | Val   Acc: 89.5%
!!! CLASSIFIER WEIGHTS IN GCS:
gs://ai-nm26osl-1792-nmiai/weights/classifier_efficientnet_b3.pt

--- Sat Mar 21 03:13:27 AM CET 2026 ---
v1 (EffNet-B3 224px): JOB_STATE_SUCCEEDED | Val   Loss: 1.3991 | Val   Acc: 90.0%
v2 (EffNet-B3 300px): JOB_STATE_RUNNING | Val   Loss: 1.3807 | Val   Acc: 89.7%
ConvNeXt-Small 384px: JOB_STATE_RUNNING | Val   Loss: 1.3498 | Val   Acc: 90.4%
EffNet-B3 focal 384px: JOB_STATE_RUNNING | Val   Loss: 0.8178 | Val   Acc: 90.1%
!!! CLASSIFIER WEIGHTS IN GCS:
gs://ai-nm26osl-1792-nmiai/weights/classifier_efficientnet_b3.pt

--- Sat Mar 21 03:28:36 AM CET 2026 ---
v1 (EffNet-B3 224px): JOB_STATE_SUCCEEDED | Val   Loss: 1.3991 | Val   Acc: 90.0%
v2 (EffNet-B3 300px): JOB_STATE_RUNNING | Val   Loss: 1.3748 | Val   Acc: 90.1%
ConvNeXt-Small 384px: JOB_STATE_RUNNING | Val   Loss: 1.3773 | Val   Acc: 89.1%
EffNet-B3 focal 384px: JOB_STATE_RUNNING | Val   Loss: 0.8338 | Val   Acc: 89.9%
!!! CLASSIFIER WEIGHTS IN GCS:
gs://ai-nm26osl-1792-nmiai/weights/classifier_efficientnet_b3.pt

--- Sat Mar 21 03:43:50 AM CET 2026 ---
v1 (EffNet-B3 224px): JOB_STATE_SUCCEEDED | Val   Loss: 1.3991 | Val   Acc: 90.0%
v2 (EffNet-B3 300px): JOB_STATE_RUNNING | Val   Loss: 1.3715 | Val   Acc: 90.2%
ConvNeXt-Small 384px: JOB_STATE_RUNNING | Val   Loss: 1.3511 | Val   Acc: 90.3%
EffNet-B3 focal 384px: JOB_STATE_RUNNING | Val   Loss: 0.8411 | Val   Acc: 89.6%
!!! CLASSIFIER WEIGHTS IN GCS:
gs://ai-nm26osl-1792-nmiai/weights/classifier_efficientnet_b3.pt

--- Sat Mar 21 03:58:59 AM CET 2026 ---
v1 (EffNet-B3 224px): JOB_STATE_SUCCEEDED | Val   Loss: 1.3991 | Val   Acc: 90.0%
v2 (EffNet-B3 300px): JOB_STATE_RUNNING | Val   Loss: 1.3719 | Val   Acc: 89.7%
ConvNeXt-Small 384px: JOB_STATE_RUNNING | Val   Loss: 1.3711 | Val   Acc: 89.8%
EffNet-B3 focal 384px: JOB_STATE_RUNNING | Val   Loss: 0.8518 | Val   Acc: 89.9%
!!! CLASSIFIER WEIGHTS IN GCS:
gs://ai-nm26osl-1792-nmiai/weights/classifier_efficientnet_b3.pt

--- Sat Mar 21 04:14:12 AM CET 2026 ---
v1 (EffNet-B3 224px): JOB_STATE_SUCCEEDED | Val   Loss: 1.3991 | Val   Acc: 90.0%
v2 (EffNet-B3 300px): JOB_STATE_RUNNING | Val   Loss: 1.3719 | Val   Acc: 89.7%
ConvNeXt-Small 384px: JOB_STATE_RUNNING | Val   Loss: 1.3565 | Val   Acc: 90.4%
EffNet-B3 focal 384px: JOB_STATE_RUNNING | Val   Loss: 0.8326 | Val   Acc: 89.7%
!!! CLASSIFIER WEIGHTS IN GCS:
gs://ai-nm26osl-1792-nmiai/weights/classifier.pt
gs://ai-nm26osl-1792-nmiai/weights/classifier_efficientnet_b3.pt

--- Sat Mar 21 04:29:19 AM CET 2026 ---
v1 (EffNet-B3 224px): JOB_STATE_SUCCEEDED | Val   Loss: 1.3991 | Val   Acc: 90.0%
v2 (EffNet-B3 300px): JOB_STATE_RUNNING | Val   Loss: 1.3720 | Val   Acc: 89.6%
ConvNeXt-Small 384px: JOB_STATE_RUNNING | Val   Loss: 1.3492 | Val   Acc: 90.2%
EffNet-B3 focal 384px: JOB_STATE_RUNNING | Val   Loss: 0.8372 | Val   Acc: 90.0%
!!! CLASSIFIER WEIGHTS IN GCS:
gs://ai-nm26osl-1792-nmiai/weights/classifier.pt
gs://ai-nm26osl-1792-nmiai/weights/classifier_efficientnet_b3.pt

--- Sat Mar 21 04:44:30 AM CET 2026 ---
v1 (EffNet-B3 224px): JOB_STATE_SUCCEEDED | Val   Loss: 1.3991 | Val   Acc: 90.0%
v2 (EffNet-B3 300px): JOB_STATE_RUNNING | Val   Loss: 1.3687 | Val   Acc: 90.2%
ConvNeXt-Small 384px: JOB_STATE_RUNNING | Val   Loss: 1.3492 | Val   Acc: 90.2%
EffNet-B3 focal 384px: JOB_STATE_RUNNING | Val   Loss: 0.8432 | Val   Acc: 89.6%
!!! CLASSIFIER WEIGHTS IN GCS:
gs://ai-nm26osl-1792-nmiai/weights/classifier.pt
gs://ai-nm26osl-1792-nmiai/weights/classifier_efficientnet_b3.pt

--- Sat Mar 21 04:59:36 AM CET 2026 ---
v1 (EffNet-B3 224px): JOB_STATE_SUCCEEDED | Val   Loss: 1.3991 | Val   Acc: 90.0%
v2 (EffNet-B3 300px): JOB_STATE_RUNNING | Val   Loss: 1.3638 | Val   Acc: 90.4%
ConvNeXt-Small 384px: JOB_STATE_RUNNING | Val   Loss: 1.3510 | Val   Acc: 90.7%
EffNet-B3 focal 384px: JOB_STATE_RUNNING | Val   Loss: 0.8432 | Val   Acc: 89.6%
!!! CLASSIFIER WEIGHTS IN GCS:
gs://ai-nm26osl-1792-nmiai/weights/classifier.pt
gs://ai-nm26osl-1792-nmiai/weights/classifier_efficientnet_b3.pt

--- Sat Mar 21 05:14:46 AM CET 2026 ---
v1 (EffNet-B3 224px): JOB_STATE_SUCCEEDED | Val   Loss: 1.3991 | Val   Acc: 90.0%
v2 (EffNet-B3 300px): JOB_STATE_RUNNING | Val   Loss: 1.3701 | Val   Acc: 90.0%
ConvNeXt-Small 384px: JOB_STATE_RUNNING | Val   Loss: 1.3733 | Val   Acc: 90.1%
EffNet-B3 focal 384px: JOB_STATE_RUNNING | Val   Loss: 0.8308 | Val   Acc: 90.1%
!!! CLASSIFIER WEIGHTS IN GCS:
gs://ai-nm26osl-1792-nmiai/weights/classifier.pt
gs://ai-nm26osl-1792-nmiai/weights/classifier_efficientnet_b3.pt

--- Sat Mar 21 05:29:48 AM CET 2026 ---
v1 (EffNet-B3 224px): JOB_STATE_SUCCEEDED | Val   Loss: 1.3991 | Val   Acc: 90.0%
v2 (EffNet-B3 300px): JOB_STATE_RUNNING | Val   Loss: 1.3647 | Val   Acc: 90.1%
ConvNeXt-Small 384px: JOB_STATE_RUNNING | Val   Loss: 1.3850 | Val   Acc: 89.5%
EffNet-B3 focal 384px: JOB_STATE_RUNNING | Val   Loss: 0.8284 | Val   Acc: 90.1%
!!! CLASSIFIER WEIGHTS IN GCS:
gs://ai-nm26osl-1792-nmiai/weights/classifier.pt
gs://ai-nm26osl-1792-nmiai/weights/classifier_efficientnet_b3.pt

--- Sat Mar 21 05:44:49 AM CET 2026 ---
v1 (EffNet-B3 224px): JOB_STATE_SUCCEEDED | Val   Loss: 1.3991 | Val   Acc: 90.0%
v2 (EffNet-B3 300px): JOB_STATE_RUNNING | Val   Loss: 1.3604 | Val   Acc: 90.2%
ConvNeXt-Small 384px: JOB_STATE_RUNNING | Val   Loss: 1.3623 | Val   Acc: 90.4%
EffNet-B3 focal 384px: JOB_STATE_RUNNING | Val   Loss: 0.8278 | Val   Acc: 90.1%
!!! CLASSIFIER WEIGHTS IN GCS:
gs://ai-nm26osl-1792-nmiai/weights/classifier.pt
gs://ai-nm26osl-1792-nmiai/weights/classifier_efficientnet_b3.pt

--- Sat Mar 21 05:59:41 AM CET 2026 ---
v1 (EffNet-B3 224px): JOB_STATE_SUCCEEDED | Val   Loss: 1.3991 | Val   Acc: 90.0%
v2 (EffNet-B3 300px): JOB_STATE_RUNNING | Val   Loss: 1.3614 | Val   Acc: 90.3%
ConvNeXt-Small 384px: JOB_STATE_RUNNING | Val   Loss: 1.3679 | Val   Acc: 90.1%
EffNet-B3 focal 384px: JOB_STATE_RUNNING | Val   Loss: 0.8302 | Val   Acc: 89.7%
!!! CLASSIFIER WEIGHTS IN GCS:
gs://ai-nm26osl-1792-nmiai/weights/classifier.pt
gs://ai-nm26osl-1792-nmiai/weights/classifier_efficientnet_b3.pt

--- Sat Mar 21 06:14:38 AM CET 2026 ---
v1 (EffNet-B3 224px): JOB_STATE_SUCCEEDED | Val   Loss: 1.3991 | Val   Acc: 90.0%
v2 (EffNet-B3 300px): JOB_STATE_RUNNING | Val   Loss: 1.3614 | Val   Acc: 90.3%
ConvNeXt-Small 384px: JOB_STATE_RUNNING | Val   Loss: 1.3603 | Val   Acc: 90.3%
EffNet-B3 focal 384px: JOB_STATE_RUNNING | Val   Loss: 0.8358 | Val   Acc: 89.8%
!!! CLASSIFIER WEIGHTS IN GCS:
gs://ai-nm26osl-1792-nmiai/weights/classifier.pt
gs://ai-nm26osl-1792-nmiai/weights/classifier_efficientnet_b3.pt

--- Sat Mar 21 06:29:28 AM CET 2026 ---
v1 (EffNet-B3 224px): JOB_STATE_SUCCEEDED | Val   Loss: 1.3991 | Val   Acc: 90.0%
v2 (EffNet-B3 300px): JOB_STATE_RUNNING | Val   Loss: 1.3634 | Val   Acc: 90.2%
ConvNeXt-Small 384px: JOB_STATE_RUNNING | Val   Loss: 1.3603 | Val   Acc: 90.3%
EffNet-B3 focal 384px: JOB_STATE_RUNNING | Val   Loss: 0.8358 | Val   Acc: 89.8%
!!! CLASSIFIER WEIGHTS IN GCS:
gs://ai-nm26osl-1792-nmiai/weights/classifier.pt
gs://ai-nm26osl-1792-nmiai/weights/classifier_efficientnet_b3.pt

--- Sat Mar 21 06:44:23 AM CET 2026 ---
v1 (EffNet-B3 224px): JOB_STATE_SUCCEEDED | Val   Loss: 1.3991 | Val   Acc: 90.0%
v2 (EffNet-B3 300px): JOB_STATE_RUNNING | Val   Loss: 1.3649 | Val   Acc: 90.2%
ConvNeXt-Small 384px: JOB_STATE_RUNNING | Val   Loss: 1.3555 | Val   Acc: 90.8%
EffNet-B3 focal 384px: JOB_STATE_RUNNING | Val   Loss: 0.8384 | Val   Acc: 89.6%
!!! CLASSIFIER WEIGHTS IN GCS:
gs://ai-nm26osl-1792-nmiai/weights/classifier.pt
gs://ai-nm26osl-1792-nmiai/weights/classifier_efficientnet_b3.pt

--- Sat Mar 21 06:59:12 AM CET 2026 ---
v1 (EffNet-B3 224px): JOB_STATE_SUCCEEDED | Val   Loss: 1.3991 | Val   Acc: 90.0%
v2 (EffNet-B3 300px): JOB_STATE_RUNNING | Val   Loss: 1.3618 | Val   Acc: 90.2%
ConvNeXt-Small 384px: JOB_STATE_RUNNING | Val   Loss: 1.3614 | Val   Acc: 90.4%
EffNet-B3 focal 384px: JOB_STATE_RUNNING | Val   Loss: 0.8315 | Val   Acc: 89.9%
!!! CLASSIFIER WEIGHTS IN GCS:
gs://ai-nm26osl-1792-nmiai/weights/classifier.pt
gs://ai-nm26osl-1792-nmiai/weights/classifier_efficientnet_b3.pt

--- Sat Mar 21 07:14:06 AM CET 2026 ---
v1 (EffNet-B3 224px): JOB_STATE_SUCCEEDED | Val   Loss: 1.3991 | Val   Acc: 90.0%
v2 (EffNet-B3 300px): JOB_STATE_RUNNING | Val   Loss: 1.3650 | Val   Acc: 90.2%
ConvNeXt-Small 384px: JOB_STATE_RUNNING | Val   Loss: 1.3483 | Val   Acc: 90.6%
EffNet-B3 focal 384px: JOB_STATE_RUNNING | Val   Loss: 0.8358 | Val   Acc: 90.0%
!!! CLASSIFIER WEIGHTS IN GCS:
gs://ai-nm26osl-1792-nmiai/weights/classifier.pt
gs://ai-nm26osl-1792-nmiai/weights/classifier_efficientnet_b3.pt

--- Sat Mar 21 07:28:53 AM CET 2026 ---
v1 (EffNet-B3 224px): JOB_STATE_SUCCEEDED | Val   Loss: 1.3991 | Val   Acc: 90.0%
v2 (EffNet-B3 300px): JOB_STATE_SUCCEEDED | Val   Loss: 1.3639 | Val   Acc: 90.4%
ConvNeXt-Small 384px: JOB_STATE_RUNNING | Val   Loss: 1.3516 | Val   Acc: 90.7%
EffNet-B3 focal 384px: JOB_STATE_RUNNING | Val   Loss: 0.8332 | Val   Acc: 90.1%
!!! CLASSIFIER WEIGHTS IN GCS:
gs://ai-nm26osl-1792-nmiai/weights/classifier.pt
gs://ai-nm26osl-1792-nmiai/weights/classifier_efficientnet_b3.pt

--- Sat Mar 21 07:43:47 AM CET 2026 ---
v1 (EffNet-B3 224px): JOB_STATE_SUCCEEDED | Val   Loss: 1.3991 | Val   Acc: 90.0%
v2 (EffNet-B3 300px): JOB_STATE_SUCCEEDED | Val   Loss: 1.3639 | Val   Acc: 90.4%
ConvNeXt-Small 384px: JOB_STATE_RUNNING | Val   Loss: 1.3500 | Val   Acc: 90.8%
EffNet-B3 focal 384px: JOB_STATE_RUNNING | Val   Loss: 0.8327 | Val   Acc: 89.9%
!!! CLASSIFIER WEIGHTS IN GCS:
gs://ai-nm26osl-1792-nmiai/weights/classifier.pt
gs://ai-nm26osl-1792-nmiai/weights/classifier_efficientnet_b3.pt

--- Sat Mar 21 07:58:34 AM CET 2026 ---
v1 (EffNet-B3 224px): JOB_STATE_SUCCEEDED | Val   Loss: 1.3991 | Val   Acc: 90.0%
v2 (EffNet-B3 300px): JOB_STATE_SUCCEEDED | Val   Loss: 1.3639 | Val   Acc: 90.4%
ConvNeXt-Small 384px: JOB_STATE_RUNNING | Val   Loss: 1.3532 | Val   Acc: 90.7%
EffNet-B3 focal 384px: JOB_STATE_RUNNING | Val   Loss: 0.8286 | Val   Acc: 89.9%
!!! CLASSIFIER WEIGHTS IN GCS:
gs://ai-nm26osl-1792-nmiai/weights/classifier.pt
gs://ai-nm26osl-1792-nmiai/weights/classifier_efficientnet_b3.pt

--- Sat Mar 21 08:13:26 AM CET 2026 ---
v1 (EffNet-B3 224px): JOB_STATE_SUCCEEDED | Val   Loss: 1.3991 | Val   Acc: 90.0%
v2 (EffNet-B3 300px): JOB_STATE_SUCCEEDED | Val   Loss: 1.3639 | Val   Acc: 90.4%
ConvNeXt-Small 384px: JOB_STATE_RUNNING | Val   Loss: 1.3532 | Val   Acc: 90.7%
EffNet-B3 focal 384px: JOB_STATE_RUNNING | Val   Loss: 0.8286 | Val   Acc: 89.9%
!!! CLASSIFIER WEIGHTS IN GCS:
gs://ai-nm26osl-1792-nmiai/weights/classifier.pt
gs://ai-nm26osl-1792-nmiai/weights/classifier_efficientnet_b3.pt

--- Sat Mar 21 08:28:11 AM CET 2026 ---
v1 (EffNet-B3 224px): JOB_STATE_SUCCEEDED | Val   Loss: 1.3991 | Val   Acc: 90.0%
v2 (EffNet-B3 300px): JOB_STATE_SUCCEEDED | Val   Loss: 1.3639 | Val   Acc: 90.4%
ConvNeXt-Small 384px: JOB_STATE_RUNNING | Val   Loss: 1.3484 | Val   Acc: 90.6%
EffNet-B3 focal 384px: JOB_STATE_RUNNING | Val   Loss: 0.8268 | Val   Acc: 90.1%
!!! CLASSIFIER WEIGHTS IN GCS:
gs://ai-nm26osl-1792-nmiai/weights/classifier.pt
gs://ai-nm26osl-1792-nmiai/weights/classifier_efficientnet_b3.pt

--- Sat Mar 21 08:43:02 AM CET 2026 ---
v1 (EffNet-B3 224px): JOB_STATE_SUCCEEDED | Val   Loss: 1.3991 | Val   Acc: 90.0%
v2 (EffNet-B3 300px): JOB_STATE_SUCCEEDED | Val   Loss: 1.3639 | Val   Acc: 90.4%
ConvNeXt-Small 384px: JOB_STATE_RUNNING | Val   Loss: 1.3511 | Val   Acc: 90.7%
EffNet-B3 focal 384px: JOB_STATE_RUNNING | Val   Loss: 0.8285 | Val   Acc: 90.0%
!!! CLASSIFIER WEIGHTS IN GCS:
gs://ai-nm26osl-1792-nmiai/weights/classifier.pt
gs://ai-nm26osl-1792-nmiai/weights/classifier_efficientnet_b3.pt

--- Sat Mar 21 08:57:47 AM CET 2026 ---
v1 (EffNet-B3 224px): JOB_STATE_SUCCEEDED | Val   Loss: 1.3991 | Val   Acc: 90.0%
v2 (EffNet-B3 300px): JOB_STATE_SUCCEEDED | Val   Loss: 1.3639 | Val   Acc: 90.4%
ConvNeXt-Small 384px: JOB_STATE_RUNNING | Val   Loss: 1.3502 | Val   Acc: 90.9%
EffNet-B3 focal 384px: JOB_STATE_RUNNING | Val   Loss: 0.8296 | Val   Acc: 89.9%
!!! CLASSIFIER WEIGHTS IN GCS:
gs://ai-nm26osl-1792-nmiai/weights/classifier.pt
gs://ai-nm26osl-1792-nmiai/weights/classifier_efficientnet_b3.pt

--- Sat Mar 21 09:12:33 AM CET 2026 ---
v1 (EffNet-B3 224px): JOB_STATE_SUCCEEDED | Val   Loss: 1.3991 | Val   Acc: 90.0%
v2 (EffNet-B3 300px): JOB_STATE_SUCCEEDED | Val   Loss: 1.3639 | Val   Acc: 90.4%
ConvNeXt-Small 384px: JOB_STATE_RUNNING | Val   Loss: 1.3499 | Val   Acc: 91.0%
EffNet-B3 focal 384px: JOB_STATE_RUNNING | Val   Loss: 0.8302 | Val   Acc: 89.9%
!!! CLASSIFIER WEIGHTS IN GCS:
gs://ai-nm26osl-1792-nmiai/weights/classifier.pt
gs://ai-nm26osl-1792-nmiai/weights/classifier_efficientnet_b3.pt

--- Sat Mar 21 09:27:16 AM CET 2026 ---
v1 (EffNet-B3 224px): JOB_STATE_SUCCEEDED | Val   Loss: 1.3991 | Val   Acc: 90.0%
v2 (EffNet-B3 300px): JOB_STATE_SUCCEEDED | Val   Loss: 1.3639 | Val   Acc: 90.4%
ConvNeXt-Small 384px: JOB_STATE_RUNNING | Val   Loss: 1.3500 | Val   Acc: 90.8%
EffNet-B3 focal 384px: JOB_STATE_RUNNING | Val   Loss: 0.8308 | Val   Acc: 90.0%
!!! CLASSIFIER WEIGHTS IN GCS:
gs://ai-nm26osl-1792-nmiai/weights/classifier.pt
gs://ai-nm26osl-1792-nmiai/weights/classifier_efficientnet_b3.pt

--- Sat Mar 21 09:42:02 AM CET 2026 ---
v1 (EffNet-B3 224px): JOB_STATE_SUCCEEDED | Val   Loss: 1.3991 | Val   Acc: 90.0%
v2 (EffNet-B3 300px): JOB_STATE_SUCCEEDED | Val   Loss: 1.3639 | Val   Acc: 90.4%
ConvNeXt-Small 384px: JOB_STATE_RUNNING | Val   Loss: 1.3500 | Val   Acc: 90.8%
EffNet-B3 focal 384px: JOB_STATE_RUNNING | Val   Loss: 0.8308 | Val   Acc: 90.0%
!!! CLASSIFIER WEIGHTS IN GCS:
gs://ai-nm26osl-1792-nmiai/weights/classifier.pt
gs://ai-nm26osl-1792-nmiai/weights/classifier_efficientnet_b3.pt

--- Sat Mar 21 09:56:45 AM CET 2026 ---
v1 (EffNet-B3 224px): JOB_STATE_SUCCEEDED | Val   Loss: 1.3991 | Val   Acc: 90.0%
v2 (EffNet-B3 300px): JOB_STATE_SUCCEEDED | Val   Loss: 1.3639 | Val   Acc: 90.4%
ConvNeXt-Small 384px: JOB_STATE_SUCCEEDED | Val   Loss: 1.3500 | Val   Acc: 90.9%
EffNet-B3 focal 384px: JOB_STATE_SUCCEEDED | Val   Loss: 0.8319 | Val   Acc: 89.9%
!!! CLASSIFIER WEIGHTS IN GCS:
gs://ai-nm26osl-1792-nmiai/weights/classifier.pt
gs://ai-nm26osl-1792-nmiai/weights/classifier_convnext_small_384.pt
gs://ai-nm26osl-1792-nmiai/weights/classifier_efficientnet_b3.pt
gs://ai-nm26osl-1792-nmiai/weights/classifier_effnet_b3_384_focal.pt

--- Sat Mar 21 10:11:32 AM CET 2026 ---
v1 (EffNet-B3 224px): JOB_STATE_SUCCEEDED | Val   Loss: 1.3991 | Val   Acc: 90.0%
v2 (EffNet-B3 300px): JOB_STATE_SUCCEEDED | Val   Loss: 1.3639 | Val   Acc: 90.4%
ConvNeXt-Small 384px: JOB_STATE_SUCCEEDED | Val   Loss: 1.3500 | Val   Acc: 90.9%
EffNet-B3 focal 384px: JOB_STATE_SUCCEEDED | Val   Loss: 0.8319 | Val   Acc: 89.9%
!!! CLASSIFIER WEIGHTS IN GCS:
gs://ai-nm26osl-1792-nmiai/weights/classifier.pt
gs://ai-nm26osl-1792-nmiai/weights/classifier_convnext_small_384.pt
gs://ai-nm26osl-1792-nmiai/weights/classifier_efficientnet_b3.pt
gs://ai-nm26osl-1792-nmiai/weights/classifier_effnet_b3_384_focal.pt

--- Sat Mar 21 10:26:13 AM CET 2026 ---
v1 (EffNet-B3 224px): JOB_STATE_SUCCEEDED | Val   Loss: 1.3991 | Val   Acc: 90.0%
v2 (EffNet-B3 300px): JOB_STATE_SUCCEEDED | Val   Loss: 1.3639 | Val   Acc: 90.4%
ConvNeXt-Small 384px: JOB_STATE_SUCCEEDED | Val   Loss: 1.3500 | Val   Acc: 90.9%
EffNet-B3 focal 384px: JOB_STATE_SUCCEEDED | Val   Loss: 0.8319 | Val   Acc: 89.9%
!!! CLASSIFIER WEIGHTS IN GCS:
gs://ai-nm26osl-1792-nmiai/weights/classifier.pt
gs://ai-nm26osl-1792-nmiai/weights/classifier_convnext_small_384.pt
gs://ai-nm26osl-1792-nmiai/weights/classifier_efficientnet_b3.pt
gs://ai-nm26osl-1792-nmiai/weights/classifier_effnet_b3_384_focal.pt

--- Sat Mar 21 10:40:58 AM CET 2026 ---
v1 (EffNet-B3 224px): JOB_STATE_SUCCEEDED | Val   Loss: 1.3991 | Val   Acc: 90.0%
v2 (EffNet-B3 300px): JOB_STATE_SUCCEEDED | Val   Loss: 1.3639 | Val   Acc: 90.4%
ConvNeXt-Small 384px: JOB_STATE_SUCCEEDED | Val   Loss: 1.3500 | Val   Acc: 90.9%
EffNet-B3 focal 384px: JOB_STATE_SUCCEEDED | Val   Loss: 0.8319 | Val   Acc: 89.9%
!!! CLASSIFIER WEIGHTS IN GCS:
gs://ai-nm26osl-1792-nmiai/weights/classifier.pt
gs://ai-nm26osl-1792-nmiai/weights/classifier_convnext_small_384.pt
gs://ai-nm26osl-1792-nmiai/weights/classifier_efficientnet_b3.pt
gs://ai-nm26osl-1792-nmiai/weights/classifier_effnet_b3_384_focal.pt

--- Sat Mar 21 10:55:39 AM CET 2026 ---
v1 (EffNet-B3 224px): JOB_STATE_SUCCEEDED | Val   Loss: 1.3991 | Val   Acc: 90.0%
v2 (EffNet-B3 300px): JOB_STATE_SUCCEEDED | Val   Loss: 1.3639 | Val   Acc: 90.4%
ConvNeXt-Small 384px: JOB_STATE_SUCCEEDED | Val   Loss: 1.3500 | Val   Acc: 90.9%
EffNet-B3 focal 384px: JOB_STATE_SUCCEEDED | Val   Loss: 0.8319 | Val   Acc: 89.9%
!!! CLASSIFIER WEIGHTS IN GCS:
gs://ai-nm26osl-1792-nmiai/weights/classifier.pt
gs://ai-nm26osl-1792-nmiai/weights/classifier_convnext_small_384.pt
gs://ai-nm26osl-1792-nmiai/weights/classifier_efficientnet_b3.pt
gs://ai-nm26osl-1792-nmiai/weights/classifier_effnet_b3_384_focal.pt

--- Sat Mar 21 11:10:23 AM CET 2026 ---
v1 (EffNet-B3 224px): JOB_STATE_SUCCEEDED | Val   Loss: 1.3991 | Val   Acc: 90.0%
v2 (EffNet-B3 300px): JOB_STATE_SUCCEEDED | Val   Loss: 1.3639 | Val   Acc: 90.4%
ConvNeXt-Small 384px: JOB_STATE_SUCCEEDED | Val   Loss: 1.3500 | Val   Acc: 90.9%
EffNet-B3 focal 384px: JOB_STATE_SUCCEEDED | Val   Loss: 0.8319 | Val   Acc: 89.9%
!!! CLASSIFIER WEIGHTS IN GCS:
gs://ai-nm26osl-1792-nmiai/weights/classifier.pt
gs://ai-nm26osl-1792-nmiai/weights/classifier_convnext_small_384.pt
gs://ai-nm26osl-1792-nmiai/weights/classifier_efficientnet_b3.pt
gs://ai-nm26osl-1792-nmiai/weights/classifier_effnet_b3_384_focal.pt

--- Sat Mar 21 11:25:01 AM CET 2026 ---
v1 (EffNet-B3 224px): JOB_STATE_SUCCEEDED | Val   Loss: 1.3991 | Val   Acc: 90.0%
v2 (EffNet-B3 300px): JOB_STATE_SUCCEEDED | Val   Loss: 1.3639 | Val   Acc: 90.4%
ConvNeXt-Small 384px: JOB_STATE_SUCCEEDED | Val   Loss: 1.3500 | Val   Acc: 90.9%
EffNet-B3 focal 384px: JOB_STATE_SUCCEEDED | Val   Loss: 0.8319 | Val   Acc: 89.9%
!!! CLASSIFIER WEIGHTS IN GCS:
gs://ai-nm26osl-1792-nmiai/weights/classifier.pt
gs://ai-nm26osl-1792-nmiai/weights/classifier_convnext_small_384.pt
gs://ai-nm26osl-1792-nmiai/weights/classifier_efficientnet_b3.pt
gs://ai-nm26osl-1792-nmiai/weights/classifier_effnet_b3_384_focal.pt

--- Sat Mar 21 11:39:45 AM CET 2026 ---
v1 (EffNet-B3 224px): JOB_STATE_SUCCEEDED | Val   Loss: 1.3991 | Val   Acc: 90.0%
v2 (EffNet-B3 300px): JOB_STATE_SUCCEEDED | Val   Loss: 1.3639 | Val   Acc: 90.4%
ConvNeXt-Small 384px: JOB_STATE_SUCCEEDED | Val   Loss: 1.3500 | Val   Acc: 90.9%
EffNet-B3 focal 384px: JOB_STATE_SUCCEEDED | Val   Loss: 0.8319 | Val   Acc: 89.9%
!!! CLASSIFIER WEIGHTS IN GCS:
gs://ai-nm26osl-1792-nmiai/weights/classifier.pt
gs://ai-nm26osl-1792-nmiai/weights/classifier_convnext_small_384.pt
gs://ai-nm26osl-1792-nmiai/weights/classifier_efficientnet_b3.pt
gs://ai-nm26osl-1792-nmiai/weights/classifier_effnet_b3_384_focal.pt

--- Sat Mar 21 11:54:22 AM CET 2026 ---
v1 (EffNet-B3 224px): JOB_STATE_SUCCEEDED | Val   Loss: 1.3991 | Val   Acc: 90.0%
v2 (EffNet-B3 300px): JOB_STATE_SUCCEEDED | Val   Loss: 1.3639 | Val   Acc: 90.4%
ConvNeXt-Small 384px: JOB_STATE_SUCCEEDED | Val   Loss: 1.3500 | Val   Acc: 90.9%
EffNet-B3 focal 384px: JOB_STATE_SUCCEEDED | Val   Loss: 0.8319 | Val   Acc: 89.9%
!!! CLASSIFIER WEIGHTS IN GCS:
gs://ai-nm26osl-1792-nmiai/weights/classifier.pt
gs://ai-nm26osl-1792-nmiai/weights/classifier_convnext_small_384.pt
gs://ai-nm26osl-1792-nmiai/weights/classifier_efficientnet_b3.pt
gs://ai-nm26osl-1792-nmiai/weights/classifier_effnet_b3_384_focal.pt

--- Sat Mar 21 12:09:05 PM CET 2026 ---
v1 (EffNet-B3 224px): JOB_STATE_SUCCEEDED | Val   Loss: 1.3991 | Val   Acc: 90.0%
v2 (EffNet-B3 300px): JOB_STATE_SUCCEEDED | Val   Loss: 1.3639 | Val   Acc: 90.4%
ConvNeXt-Small 384px: JOB_STATE_SUCCEEDED | Val   Loss: 1.3500 | Val   Acc: 90.9%
EffNet-B3 focal 384px: JOB_STATE_SUCCEEDED | Val   Loss: 0.8319 | Val   Acc: 89.9%
!!! CLASSIFIER WEIGHTS IN GCS:
gs://ai-nm26osl-1792-nmiai/weights/classifier.pt
gs://ai-nm26osl-1792-nmiai/weights/classifier_convnext_small_384.pt
gs://ai-nm26osl-1792-nmiai/weights/classifier_efficientnet_b3.pt
gs://ai-nm26osl-1792-nmiai/weights/classifier_effnet_b3_384_focal.pt
gs://ai-nm26osl-1792-nmiai/weights/classifier_swin_tiny_224.pt

--- Sat Mar 21 12:23:42 PM CET 2026 ---
v1 (EffNet-B3 224px): JOB_STATE_SUCCEEDED | Val   Loss: 1.3991 | Val   Acc: 90.0%
v2 (EffNet-B3 300px): JOB_STATE_SUCCEEDED | Val   Loss: 1.3639 | Val   Acc: 90.4%
ConvNeXt-Small 384px: JOB_STATE_SUCCEEDED | Val   Loss: 1.3500 | Val   Acc: 90.9%
EffNet-B3 focal 384px: JOB_STATE_SUCCEEDED | Val   Loss: 0.8319 | Val   Acc: 89.9%
!!! CLASSIFIER WEIGHTS IN GCS:
gs://ai-nm26osl-1792-nmiai/weights/classifier.pt
gs://ai-nm26osl-1792-nmiai/weights/classifier_convnext_small_384.pt
gs://ai-nm26osl-1792-nmiai/weights/classifier_efficientnet_b3.pt
gs://ai-nm26osl-1792-nmiai/weights/classifier_effnet_b3_384_focal.pt
gs://ai-nm26osl-1792-nmiai/weights/classifier_effnetv2_s_384.pt
gs://ai-nm26osl-1792-nmiai/weights/classifier_swin_tiny_224.pt

--- Sat Mar 21 12:38:23 PM CET 2026 ---
v1 (EffNet-B3 224px): JOB_STATE_SUCCEEDED | Val   Loss: 1.3991 | Val   Acc: 90.0%
v2 (EffNet-B3 300px): JOB_STATE_SUCCEEDED | Val   Loss: 1.3639 | Val   Acc: 90.4%
ConvNeXt-Small 384px: JOB_STATE_SUCCEEDED | Val   Loss: 1.3500 | Val   Acc: 90.9%
EffNet-B3 focal 384px: JOB_STATE_SUCCEEDED | Val   Loss: 0.8319 | Val   Acc: 89.9%
!!! CLASSIFIER WEIGHTS IN GCS:
gs://ai-nm26osl-1792-nmiai/weights/classifier.pt
gs://ai-nm26osl-1792-nmiai/weights/classifier_convnext_small_384.pt
gs://ai-nm26osl-1792-nmiai/weights/classifier_efficientnet_b3.pt
gs://ai-nm26osl-1792-nmiai/weights/classifier_effnet_b3_384_focal.pt
gs://ai-nm26osl-1792-nmiai/weights/classifier_effnetv2_s_384.pt
gs://ai-nm26osl-1792-nmiai/weights/classifier_swin_tiny_224.pt

--- Sat Mar 21 12:52:58 PM CET 2026 ---
v1 (EffNet-B3 224px): JOB_STATE_SUCCEEDED | Val   Loss: 1.3991 | Val   Acc: 90.0%
v2 (EffNet-B3 300px): JOB_STATE_SUCCEEDED | Val   Loss: 1.3639 | Val   Acc: 90.4%
ConvNeXt-Small 384px: JOB_STATE_SUCCEEDED | Val   Loss: 1.3500 | Val   Acc: 90.9%
EffNet-B3 focal 384px: JOB_STATE_SUCCEEDED | Val   Loss: 0.8319 | Val   Acc: 89.9%
!!! CLASSIFIER WEIGHTS IN GCS:
gs://ai-nm26osl-1792-nmiai/weights/classifier.pt
gs://ai-nm26osl-1792-nmiai/weights/classifier_convnext_small_384.pt
gs://ai-nm26osl-1792-nmiai/weights/classifier_efficientnet_b3.pt
gs://ai-nm26osl-1792-nmiai/weights/classifier_effnet_b3_384_focal.pt
gs://ai-nm26osl-1792-nmiai/weights/classifier_effnetv2_s_384.pt
gs://ai-nm26osl-1792-nmiai/weights/classifier_swin_tiny_224.pt

--- Sat Mar 21 01:07:40 PM CET 2026 ---
v1 (EffNet-B3 224px): JOB_STATE_SUCCEEDED | Val   Loss: 1.3991 | Val   Acc: 90.0%
v2 (EffNet-B3 300px): JOB_STATE_SUCCEEDED | Val   Loss: 1.3639 | Val   Acc: 90.4%
ConvNeXt-Small 384px: JOB_STATE_SUCCEEDED | Val   Loss: 1.3500 | Val   Acc: 90.9%
EffNet-B3 focal 384px: JOB_STATE_SUCCEEDED | Val   Loss: 0.8319 | Val   Acc: 89.9%
!!! CLASSIFIER WEIGHTS IN GCS:
gs://ai-nm26osl-1792-nmiai/weights/classifier.pt
gs://ai-nm26osl-1792-nmiai/weights/classifier_convnext_small_384.pt
gs://ai-nm26osl-1792-nmiai/weights/classifier_efficientnet_b3.pt
gs://ai-nm26osl-1792-nmiai/weights/classifier_effnet_b3_384_focal.pt
gs://ai-nm26osl-1792-nmiai/weights/classifier_effnetv2_s_384.pt
gs://ai-nm26osl-1792-nmiai/weights/classifier_swin_tiny_224.pt

--- Sat Mar 21 01:22:14 PM CET 2026 ---
v1 (EffNet-B3 224px): JOB_STATE_SUCCEEDED | Val   Loss: 1.3991 | Val   Acc: 90.0%
v2 (EffNet-B3 300px): JOB_STATE_SUCCEEDED | Val   Loss: 1.3639 | Val   Acc: 90.4%
ConvNeXt-Small 384px: JOB_STATE_SUCCEEDED | Val   Loss: 1.3500 | Val   Acc: 90.9%
EffNet-B3 focal 384px: JOB_STATE_SUCCEEDED | Val   Loss: 0.8319 | Val   Acc: 89.9%
!!! CLASSIFIER WEIGHTS IN GCS:
gs://ai-nm26osl-1792-nmiai/weights/classifier.pt
gs://ai-nm26osl-1792-nmiai/weights/classifier_convnext_small_384.pt
gs://ai-nm26osl-1792-nmiai/weights/classifier_efficientnet_b3.pt
gs://ai-nm26osl-1792-nmiai/weights/classifier_effnet_b3_384_focal.pt
gs://ai-nm26osl-1792-nmiai/weights/classifier_effnetv2_s_384.pt
gs://ai-nm26osl-1792-nmiai/weights/classifier_swin_tiny_224.pt

--- Sat Mar 21 01:36:55 PM CET 2026 ---
v1 (EffNet-B3 224px): JOB_STATE_SUCCEEDED | Val   Loss: 1.3991 | Val   Acc: 90.0%
v2 (EffNet-B3 300px): JOB_STATE_SUCCEEDED | Val   Loss: 1.3639 | Val   Acc: 90.4%
ConvNeXt-Small 384px: JOB_STATE_SUCCEEDED | Val   Loss: 1.3500 | Val   Acc: 90.9%
EffNet-B3 focal 384px: JOB_STATE_SUCCEEDED | Val   Loss: 0.8319 | Val   Acc: 89.9%
!!! CLASSIFIER WEIGHTS IN GCS:
gs://ai-nm26osl-1792-nmiai/weights/classifier.pt
gs://ai-nm26osl-1792-nmiai/weights/classifier_convnext_small_384.pt
gs://ai-nm26osl-1792-nmiai/weights/classifier_efficientnet_b3.pt
gs://ai-nm26osl-1792-nmiai/weights/classifier_effnet_b3_384_focal.pt
gs://ai-nm26osl-1792-nmiai/weights/classifier_effnetv2_s_384.pt
gs://ai-nm26osl-1792-nmiai/weights/classifier_swin_tiny_224.pt

--- Sat Mar 21 01:51:29 PM CET 2026 ---
v1 (EffNet-B3 224px): JOB_STATE_SUCCEEDED | Val   Loss: 1.3991 | Val   Acc: 90.0%
v2 (EffNet-B3 300px): JOB_STATE_SUCCEEDED | Val   Loss: 1.3639 | Val   Acc: 90.4%
ConvNeXt-Small 384px: JOB_STATE_SUCCEEDED | Val   Loss: 1.3500 | Val   Acc: 90.9%
EffNet-B3 focal 384px: JOB_STATE_SUCCEEDED | Val   Loss: 0.8319 | Val   Acc: 89.9%
!!! CLASSIFIER WEIGHTS IN GCS:
gs://ai-nm26osl-1792-nmiai/weights/classifier.pt
gs://ai-nm26osl-1792-nmiai/weights/classifier_convnext_small_384.pt
gs://ai-nm26osl-1792-nmiai/weights/classifier_efficientnet_b3.pt
gs://ai-nm26osl-1792-nmiai/weights/classifier_effnet_b3_384_focal.pt
gs://ai-nm26osl-1792-nmiai/weights/classifier_effnetv2_s_384.pt
gs://ai-nm26osl-1792-nmiai/weights/classifier_swin_tiny_224.pt

--- Sat Mar 21 02:06:08 PM CET 2026 ---
v1 (EffNet-B3 224px): JOB_STATE_SUCCEEDED | Val   Loss: 1.3991 | Val   Acc: 90.0%
v2 (EffNet-B3 300px): JOB_STATE_SUCCEEDED | Val   Loss: 1.3639 | Val   Acc: 90.4%
ConvNeXt-Small 384px: JOB_STATE_SUCCEEDED | Val   Loss: 1.3500 | Val   Acc: 90.9%
EffNet-B3 focal 384px: JOB_STATE_SUCCEEDED | Val   Loss: 0.8319 | Val   Acc: 89.9%
!!! CLASSIFIER WEIGHTS IN GCS:
gs://ai-nm26osl-1792-nmiai/weights/classifier.pt
gs://ai-nm26osl-1792-nmiai/weights/classifier_convnext_small_384.pt
gs://ai-nm26osl-1792-nmiai/weights/classifier_efficientnet_b3.pt
gs://ai-nm26osl-1792-nmiai/weights/classifier_effnet_b3_384_focal.pt
gs://ai-nm26osl-1792-nmiai/weights/classifier_effnetv2_s_384.pt
gs://ai-nm26osl-1792-nmiai/weights/classifier_swin_tiny_224.pt

--- Sat Mar 21 02:20:42 PM CET 2026 ---
v1 (EffNet-B3 224px): JOB_STATE_SUCCEEDED | Val   Loss: 1.3991 | Val   Acc: 90.0%
v2 (EffNet-B3 300px): JOB_STATE_SUCCEEDED | Val   Loss: 1.3639 | Val   Acc: 90.4%
ConvNeXt-Small 384px: JOB_STATE_SUCCEEDED | Val   Loss: 1.3500 | Val   Acc: 90.9%
EffNet-B3 focal 384px: JOB_STATE_SUCCEEDED | Val   Loss: 0.8319 | Val   Acc: 89.9%
!!! CLASSIFIER WEIGHTS IN GCS:
gs://ai-nm26osl-1792-nmiai/weights/classifier.pt
gs://ai-nm26osl-1792-nmiai/weights/classifier_convnext_small_384.pt
gs://ai-nm26osl-1792-nmiai/weights/classifier_efficientnet_b3.pt
gs://ai-nm26osl-1792-nmiai/weights/classifier_effnet_b3_384_focal.pt
gs://ai-nm26osl-1792-nmiai/weights/classifier_effnetv2_s_384.pt
gs://ai-nm26osl-1792-nmiai/weights/classifier_swin_tiny_224.pt

--- Sat Mar 21 02:35:20 PM CET 2026 ---
v1 (EffNet-B3 224px): JOB_STATE_SUCCEEDED | Val   Loss: 1.3991 | Val   Acc: 90.0%
v2 (EffNet-B3 300px): JOB_STATE_SUCCEEDED | Val   Loss: 1.3639 | Val   Acc: 90.4%
ConvNeXt-Small 384px: JOB_STATE_SUCCEEDED | Val   Loss: 1.3500 | Val   Acc: 90.9%
EffNet-B3 focal 384px: JOB_STATE_SUCCEEDED | Val   Loss: 0.8319 | Val   Acc: 89.9%
!!! CLASSIFIER WEIGHTS IN GCS:
gs://ai-nm26osl-1792-nmiai/weights/classifier.pt
gs://ai-nm26osl-1792-nmiai/weights/classifier_convnext_small_384.pt
gs://ai-nm26osl-1792-nmiai/weights/classifier_efficientnet_b3.pt
gs://ai-nm26osl-1792-nmiai/weights/classifier_effnet_b3_384_focal.pt
gs://ai-nm26osl-1792-nmiai/weights/classifier_effnetv2_s_384.pt
gs://ai-nm26osl-1792-nmiai/weights/classifier_swin_tiny_224.pt

--- Sat Mar 21 02:49:54 PM CET 2026 ---
v1 (EffNet-B3 224px): JOB_STATE_SUCCEEDED | Val   Loss: 1.3991 | Val   Acc: 90.0%
v2 (EffNet-B3 300px): JOB_STATE_SUCCEEDED | Val   Loss: 1.3639 | Val   Acc: 90.4%
ConvNeXt-Small 384px: JOB_STATE_SUCCEEDED | Val   Loss: 1.3500 | Val   Acc: 90.9%
EffNet-B3 focal 384px: JOB_STATE_SUCCEEDED | Val   Loss: 0.8319 | Val   Acc: 89.9%
!!! CLASSIFIER WEIGHTS IN GCS:
gs://ai-nm26osl-1792-nmiai/weights/classifier.pt
gs://ai-nm26osl-1792-nmiai/weights/classifier_convnext_small_384.pt
gs://ai-nm26osl-1792-nmiai/weights/classifier_efficientnet_b3.pt
gs://ai-nm26osl-1792-nmiai/weights/classifier_effnet_b3_384_focal.pt
gs://ai-nm26osl-1792-nmiai/weights/classifier_effnetv2_s_384.pt
gs://ai-nm26osl-1792-nmiai/weights/classifier_swin_tiny_224.pt

--- Sat Mar 21 03:04:32 PM CET 2026 ---
v1 (EffNet-B3 224px): JOB_STATE_SUCCEEDED | Val   Loss: 1.3991 | Val   Acc: 90.0%
v2 (EffNet-B3 300px): JOB_STATE_SUCCEEDED | Val   Loss: 1.3639 | Val   Acc: 90.4%
ConvNeXt-Small 384px: JOB_STATE_SUCCEEDED | Val   Loss: 1.3500 | Val   Acc: 90.9%
EffNet-B3 focal 384px: JOB_STATE_SUCCEEDED | Val   Loss: 0.8319 | Val   Acc: 89.9%
!!! CLASSIFIER WEIGHTS IN GCS:
gs://ai-nm26osl-1792-nmiai/weights/classifier.pt
gs://ai-nm26osl-1792-nmiai/weights/classifier_convnext_small_384.pt
gs://ai-nm26osl-1792-nmiai/weights/classifier_efficientnet_b3.pt
gs://ai-nm26osl-1792-nmiai/weights/classifier_effnet_b3_384_focal.pt
gs://ai-nm26osl-1792-nmiai/weights/classifier_effnetv2_s_384.pt
gs://ai-nm26osl-1792-nmiai/weights/classifier_swin_tiny_224.pt

--- Sat Mar 21 03:19:05 PM CET 2026 ---
v1 (EffNet-B3 224px): JOB_STATE_SUCCEEDED | Val   Loss: 1.3991 | Val   Acc: 90.0%
v2 (EffNet-B3 300px): JOB_STATE_SUCCEEDED | Val   Loss: 1.3639 | Val   Acc: 90.4%
ConvNeXt-Small 384px: JOB_STATE_SUCCEEDED | Val   Loss: 1.3500 | Val   Acc: 90.9%
EffNet-B3 focal 384px: JOB_STATE_SUCCEEDED | Val   Loss: 0.8319 | Val   Acc: 89.9%
!!! CLASSIFIER WEIGHTS IN GCS:
gs://ai-nm26osl-1792-nmiai/weights/classifier.pt
gs://ai-nm26osl-1792-nmiai/weights/classifier_convnext_small_384.pt
gs://ai-nm26osl-1792-nmiai/weights/classifier_efficientnet_b3.pt
gs://ai-nm26osl-1792-nmiai/weights/classifier_effnet_b3_384_focal.pt
gs://ai-nm26osl-1792-nmiai/weights/classifier_effnetv2_s_384.pt
gs://ai-nm26osl-1792-nmiai/weights/classifier_swin_tiny_224.pt

--- Sat Mar 21 03:33:42 PM CET 2026 ---
v1 (EffNet-B3 224px): JOB_STATE_SUCCEEDED | Val   Loss: 1.3991 | Val   Acc: 90.0%
v2 (EffNet-B3 300px): JOB_STATE_SUCCEEDED | Val   Loss: 1.3639 | Val   Acc: 90.4%
ConvNeXt-Small 384px: JOB_STATE_SUCCEEDED | Val   Loss: 1.3500 | Val   Acc: 90.9%
EffNet-B3 focal 384px: JOB_STATE_SUCCEEDED | Val   Loss: 0.8319 | Val   Acc: 89.9%
!!! CLASSIFIER WEIGHTS IN GCS:
gs://ai-nm26osl-1792-nmiai/weights/classifier.pt
gs://ai-nm26osl-1792-nmiai/weights/classifier_convnext_small_384.pt
gs://ai-nm26osl-1792-nmiai/weights/classifier_efficientnet_b3.pt
gs://ai-nm26osl-1792-nmiai/weights/classifier_effnet_b3_384_focal.pt
gs://ai-nm26osl-1792-nmiai/weights/classifier_effnetv2_s_384.pt
gs://ai-nm26osl-1792-nmiai/weights/classifier_swin_tiny_224.pt

--- Sat Mar 21 03:48:16 PM CET 2026 ---
v1 (EffNet-B3 224px): JOB_STATE_SUCCEEDED | Val   Loss: 1.3991 | Val   Acc: 90.0%
v2 (EffNet-B3 300px): JOB_STATE_SUCCEEDED | Val   Loss: 1.3639 | Val   Acc: 90.4%
ConvNeXt-Small 384px: JOB_STATE_SUCCEEDED | Val   Loss: 1.3500 | Val   Acc: 90.9%
EffNet-B3 focal 384px: JOB_STATE_SUCCEEDED | Val   Loss: 0.8319 | Val   Acc: 89.9%
!!! CLASSIFIER WEIGHTS IN GCS:
gs://ai-nm26osl-1792-nmiai/weights/classifier.pt
gs://ai-nm26osl-1792-nmiai/weights/classifier_convnext_small_384.pt
gs://ai-nm26osl-1792-nmiai/weights/classifier_efficientnet_b3.pt
gs://ai-nm26osl-1792-nmiai/weights/classifier_effnet_b3_384_focal.pt
gs://ai-nm26osl-1792-nmiai/weights/classifier_effnetv2_s_384.pt
gs://ai-nm26osl-1792-nmiai/weights/classifier_swin_tiny_224.pt

--- Sat Mar 21 04:02:53 PM CET 2026 ---
v1 (EffNet-B3 224px): JOB_STATE_SUCCEEDED | Val   Loss: 1.3991 | Val   Acc: 90.0%
v2 (EffNet-B3 300px): JOB_STATE_SUCCEEDED | Val   Loss: 1.3639 | Val   Acc: 90.4%
ConvNeXt-Small 384px: JOB_STATE_SUCCEEDED | Val   Loss: 1.3500 | Val   Acc: 90.9%
EffNet-B3 focal 384px: JOB_STATE_SUCCEEDED | Val   Loss: 0.8319 | Val   Acc: 89.9%
!!! CLASSIFIER WEIGHTS IN GCS:
gs://ai-nm26osl-1792-nmiai/weights/classifier.pt
gs://ai-nm26osl-1792-nmiai/weights/classifier_convnext_small_384.pt
gs://ai-nm26osl-1792-nmiai/weights/classifier_efficientnet_b3.pt
gs://ai-nm26osl-1792-nmiai/weights/classifier_effnet_b3_384_focal.pt
gs://ai-nm26osl-1792-nmiai/weights/classifier_effnetv2_s_384.pt
gs://ai-nm26osl-1792-nmiai/weights/classifier_swin_tiny_224.pt

--- Sat Mar 21 04:17:24 PM CET 2026 ---
v1 (EffNet-B3 224px): JOB_STATE_SUCCEEDED | Val   Loss: 1.3991 | Val   Acc: 90.0%
v2 (EffNet-B3 300px): JOB_STATE_SUCCEEDED | Val   Loss: 1.3639 | Val   Acc: 90.4%
ConvNeXt-Small 384px: JOB_STATE_SUCCEEDED | Val   Loss: 1.3500 | Val   Acc: 90.9%
EffNet-B3 focal 384px: JOB_STATE_SUCCEEDED | Val   Loss: 0.8319 | Val   Acc: 89.9%
!!! CLASSIFIER WEIGHTS IN GCS:
gs://ai-nm26osl-1792-nmiai/weights/classifier.pt
gs://ai-nm26osl-1792-nmiai/weights/classifier_convnext_small_384.pt
gs://ai-nm26osl-1792-nmiai/weights/classifier_efficientnet_b3.pt
gs://ai-nm26osl-1792-nmiai/weights/classifier_effnet_b3_384_focal.pt
gs://ai-nm26osl-1792-nmiai/weights/classifier_effnetv2_s_384.pt
gs://ai-nm26osl-1792-nmiai/weights/classifier_swin_tiny_224.pt

--- Sat Mar 21 04:32:00 PM CET 2026 ---
v1 (EffNet-B3 224px): JOB_STATE_SUCCEEDED | Val   Loss: 1.3991 | Val   Acc: 90.0%
v2 (EffNet-B3 300px): JOB_STATE_SUCCEEDED | Val   Loss: 1.3639 | Val   Acc: 90.4%
ConvNeXt-Small 384px: JOB_STATE_SUCCEEDED | Val   Loss: 1.3500 | Val   Acc: 90.9%
EffNet-B3 focal 384px: JOB_STATE_SUCCEEDED | Val   Loss: 0.8319 | Val   Acc: 89.9%
!!! CLASSIFIER WEIGHTS IN GCS:
gs://ai-nm26osl-1792-nmiai/weights/classifier.pt
gs://ai-nm26osl-1792-nmiai/weights/classifier_convnext_small_384.pt
gs://ai-nm26osl-1792-nmiai/weights/classifier_efficientnet_b3.pt
gs://ai-nm26osl-1792-nmiai/weights/classifier_effnet_b3_384_focal.pt
gs://ai-nm26osl-1792-nmiai/weights/classifier_effnetv2_s_384.pt
gs://ai-nm26osl-1792-nmiai/weights/classifier_swin_tiny_224.pt

--- Sat Mar 21 04:46:29 PM CET 2026 ---
v1 (EffNet-B3 224px): JOB_STATE_SUCCEEDED | Val   Loss: 1.3991 | Val   Acc: 90.0%
v2 (EffNet-B3 300px): JOB_STATE_SUCCEEDED | Val   Loss: 1.3639 | Val   Acc: 90.4%
ConvNeXt-Small 384px: JOB_STATE_SUCCEEDED | Val   Loss: 1.3500 | Val   Acc: 90.9%
EffNet-B3 focal 384px: JOB_STATE_SUCCEEDED | Val   Loss: 0.8319 | Val   Acc: 89.9%
!!! CLASSIFIER WEIGHTS IN GCS:
gs://ai-nm26osl-1792-nmiai/weights/classifier.pt
gs://ai-nm26osl-1792-nmiai/weights/classifier_convnext_small_384.pt
gs://ai-nm26osl-1792-nmiai/weights/classifier_efficientnet_b3.pt
gs://ai-nm26osl-1792-nmiai/weights/classifier_effnet_b3_384_focal.pt
gs://ai-nm26osl-1792-nmiai/weights/classifier_effnetv2_s_384.pt
gs://ai-nm26osl-1792-nmiai/weights/classifier_swin_tiny_224.pt

--- Sat Mar 21 05:01:05 PM CET 2026 ---
v1 (EffNet-B3 224px): JOB_STATE_SUCCEEDED | Val   Loss: 1.3991 | Val   Acc: 90.0%
v2 (EffNet-B3 300px): JOB_STATE_SUCCEEDED | Val   Loss: 1.3639 | Val   Acc: 90.4%
ConvNeXt-Small 384px: JOB_STATE_SUCCEEDED | Val   Loss: 1.3500 | Val   Acc: 90.9%
EffNet-B3 focal 384px: JOB_STATE_SUCCEEDED | Val   Loss: 0.8319 | Val   Acc: 89.9%
!!! CLASSIFIER WEIGHTS IN GCS:
gs://ai-nm26osl-1792-nmiai/weights/classifier.pt
gs://ai-nm26osl-1792-nmiai/weights/classifier_convnext_small_384.pt
gs://ai-nm26osl-1792-nmiai/weights/classifier_efficientnet_b3.pt
gs://ai-nm26osl-1792-nmiai/weights/classifier_effnet_b3_384_focal.pt
gs://ai-nm26osl-1792-nmiai/weights/classifier_effnetv2_s_384.pt
gs://ai-nm26osl-1792-nmiai/weights/classifier_swin_tiny_224.pt

--- Sat Mar 21 05:15:33 PM CET 2026 ---
v1 (EffNet-B3 224px): JOB_STATE_SUCCEEDED | Val   Loss: 1.3991 | Val   Acc: 90.0%
v2 (EffNet-B3 300px): JOB_STATE_SUCCEEDED | Val   Loss: 1.3639 | Val   Acc: 90.4%
ConvNeXt-Small 384px: JOB_STATE_SUCCEEDED | Val   Loss: 1.3500 | Val   Acc: 90.9%
EffNet-B3 focal 384px: JOB_STATE_SUCCEEDED | Val   Loss: 0.8319 | Val   Acc: 89.9%
!!! CLASSIFIER WEIGHTS IN GCS:
gs://ai-nm26osl-1792-nmiai/weights/classifier.pt
gs://ai-nm26osl-1792-nmiai/weights/classifier_convnext_small_384.pt
gs://ai-nm26osl-1792-nmiai/weights/classifier_efficientnet_b3.pt
gs://ai-nm26osl-1792-nmiai/weights/classifier_effnet_b3_384_focal.pt
gs://ai-nm26osl-1792-nmiai/weights/classifier_effnetv2_s_384.pt
gs://ai-nm26osl-1792-nmiai/weights/classifier_swin_tiny_224.pt

--- Sat Mar 21 05:30:08 PM CET 2026 ---
v1 (EffNet-B3 224px): JOB_STATE_SUCCEEDED | Val   Loss: 1.3991 | Val   Acc: 90.0%
v2 (EffNet-B3 300px): JOB_STATE_SUCCEEDED | Val   Loss: 1.3639 | Val   Acc: 90.4%
ConvNeXt-Small 384px: JOB_STATE_SUCCEEDED | Val   Loss: 1.3500 | Val   Acc: 90.9%
EffNet-B3 focal 384px: JOB_STATE_SUCCEEDED | Val   Loss: 0.8319 | Val   Acc: 89.9%
!!! CLASSIFIER WEIGHTS IN GCS:
gs://ai-nm26osl-1792-nmiai/weights/classifier.pt
gs://ai-nm26osl-1792-nmiai/weights/classifier_convnext_small_384.pt
gs://ai-nm26osl-1792-nmiai/weights/classifier_efficientnet_b3.pt
gs://ai-nm26osl-1792-nmiai/weights/classifier_effnet_b3_384_focal.pt
gs://ai-nm26osl-1792-nmiai/weights/classifier_effnetv2_s_384.pt
gs://ai-nm26osl-1792-nmiai/weights/classifier_swin_tiny_224.pt

--- Sat Mar 21 05:44:35 PM CET 2026 ---
v1 (EffNet-B3 224px): JOB_STATE_SUCCEEDED | Val   Loss: 1.3991 | Val   Acc: 90.0%
v2 (EffNet-B3 300px): JOB_STATE_SUCCEEDED | Val   Loss: 1.3639 | Val   Acc: 90.4%
ConvNeXt-Small 384px: JOB_STATE_SUCCEEDED | Val   Loss: 1.3500 | Val   Acc: 90.9%
EffNet-B3 focal 384px: JOB_STATE_SUCCEEDED | Val   Loss: 0.8319 | Val   Acc: 89.9%
!!! CLASSIFIER WEIGHTS IN GCS:
gs://ai-nm26osl-1792-nmiai/weights/classifier.pt
gs://ai-nm26osl-1792-nmiai/weights/classifier_convnext_small_384.pt
gs://ai-nm26osl-1792-nmiai/weights/classifier_efficientnet_b3.pt
gs://ai-nm26osl-1792-nmiai/weights/classifier_effnet_b3_384_focal.pt
gs://ai-nm26osl-1792-nmiai/weights/classifier_effnetv2_s_384.pt
gs://ai-nm26osl-1792-nmiai/weights/classifier_swin_tiny_224.pt

--- Sat Mar 21 05:59:07 PM CET 2026 ---
v1 (EffNet-B3 224px): JOB_STATE_SUCCEEDED | Val   Loss: 1.3991 | Val   Acc: 90.0%
v2 (EffNet-B3 300px): JOB_STATE_SUCCEEDED | Val   Loss: 1.3639 | Val   Acc: 90.4%
ConvNeXt-Small 384px: JOB_STATE_SUCCEEDED | Val   Loss: 1.3500 | Val   Acc: 90.9%
EffNet-B3 focal 384px: JOB_STATE_SUCCEEDED | Val   Loss: 0.8319 | Val   Acc: 89.9%
!!! CLASSIFIER WEIGHTS IN GCS:
gs://ai-nm26osl-1792-nmiai/weights/classifier.pt
gs://ai-nm26osl-1792-nmiai/weights/classifier_convnext_small_384.pt
gs://ai-nm26osl-1792-nmiai/weights/classifier_efficientnet_b3.pt
gs://ai-nm26osl-1792-nmiai/weights/classifier_effnet_b3_384_focal.pt
gs://ai-nm26osl-1792-nmiai/weights/classifier_effnetv2_s_384.pt
gs://ai-nm26osl-1792-nmiai/weights/classifier_swin_tiny_224.pt

--- Sat Mar 21 06:13:34 PM CET 2026 ---
v1 (EffNet-B3 224px): JOB_STATE_SUCCEEDED | Val   Loss: 1.3991 | Val   Acc: 90.0%
v2 (EffNet-B3 300px): JOB_STATE_SUCCEEDED | Val   Loss: 1.3639 | Val   Acc: 90.4%
ConvNeXt-Small 384px: JOB_STATE_SUCCEEDED | Val   Loss: 1.3500 | Val   Acc: 90.9%
EffNet-B3 focal 384px: JOB_STATE_SUCCEEDED | Val   Loss: 0.8319 | Val   Acc: 89.9%
!!! CLASSIFIER WEIGHTS IN GCS:
gs://ai-nm26osl-1792-nmiai/weights/classifier.pt
gs://ai-nm26osl-1792-nmiai/weights/classifier_convnext_small_384.pt
gs://ai-nm26osl-1792-nmiai/weights/classifier_efficientnet_b3.pt
gs://ai-nm26osl-1792-nmiai/weights/classifier_effnet_b3_384_focal.pt
gs://ai-nm26osl-1792-nmiai/weights/classifier_effnetv2_s_384.pt
gs://ai-nm26osl-1792-nmiai/weights/classifier_swin_tiny_224.pt

--- Sat Mar 21 06:28:06 PM CET 2026 ---
v1 (EffNet-B3 224px): JOB_STATE_SUCCEEDED | Val   Loss: 1.3991 | Val   Acc: 90.0%
v2 (EffNet-B3 300px): JOB_STATE_SUCCEEDED | Val   Loss: 1.3639 | Val   Acc: 90.4%
ConvNeXt-Small 384px: JOB_STATE_SUCCEEDED | Val   Loss: 1.3500 | Val   Acc: 90.9%
EffNet-B3 focal 384px: JOB_STATE_SUCCEEDED | Val   Loss: 0.8319 | Val   Acc: 89.9%
!!! CLASSIFIER WEIGHTS IN GCS:
gs://ai-nm26osl-1792-nmiai/weights/classifier.pt
gs://ai-nm26osl-1792-nmiai/weights/classifier_convnext_small_384.pt
gs://ai-nm26osl-1792-nmiai/weights/classifier_efficientnet_b3.pt
gs://ai-nm26osl-1792-nmiai/weights/classifier_effnet_b3_384_focal.pt
gs://ai-nm26osl-1792-nmiai/weights/classifier_effnetv2_s_384.pt
gs://ai-nm26osl-1792-nmiai/weights/classifier_swin_tiny_224.pt

--- Sat Mar 21 06:42:33 PM CET 2026 ---
v1 (EffNet-B3 224px): JOB_STATE_SUCCEEDED | Val   Loss: 1.3991 | Val   Acc: 90.0%
v2 (EffNet-B3 300px): JOB_STATE_SUCCEEDED | Val   Loss: 1.3639 | Val   Acc: 90.4%
ConvNeXt-Small 384px: JOB_STATE_SUCCEEDED | Val   Loss: 1.3500 | Val   Acc: 90.9%
EffNet-B3 focal 384px: JOB_STATE_SUCCEEDED | Val   Loss: 0.8319 | Val   Acc: 89.9%
!!! CLASSIFIER WEIGHTS IN GCS:
gs://ai-nm26osl-1792-nmiai/weights/classifier.pt
gs://ai-nm26osl-1792-nmiai/weights/classifier_convnext_small_384.pt
gs://ai-nm26osl-1792-nmiai/weights/classifier_efficientnet_b3.pt
gs://ai-nm26osl-1792-nmiai/weights/classifier_effnet_b3_384_focal.pt
gs://ai-nm26osl-1792-nmiai/weights/classifier_effnetv2_s_384.pt
gs://ai-nm26osl-1792-nmiai/weights/classifier_swin_tiny_224.pt

--- Sat Mar 21 06:57:04 PM CET 2026 ---
v1 (EffNet-B3 224px): JOB_STATE_SUCCEEDED | Val   Loss: 1.3991 | Val   Acc: 90.0%
v2 (EffNet-B3 300px): JOB_STATE_SUCCEEDED | Val   Loss: 1.3639 | Val   Acc: 90.4%
ConvNeXt-Small 384px: JOB_STATE_SUCCEEDED | Val   Loss: 1.3500 | Val   Acc: 90.9%
EffNet-B3 focal 384px: JOB_STATE_SUCCEEDED | Val   Loss: 0.8319 | Val   Acc: 89.9%
!!! CLASSIFIER WEIGHTS IN GCS:
gs://ai-nm26osl-1792-nmiai/weights/classifier.pt
gs://ai-nm26osl-1792-nmiai/weights/classifier_convnext_small_384.pt
gs://ai-nm26osl-1792-nmiai/weights/classifier_efficientnet_b3.pt
gs://ai-nm26osl-1792-nmiai/weights/classifier_effnet_b3_384_focal.pt
gs://ai-nm26osl-1792-nmiai/weights/classifier_effnetv2_s_384.pt
gs://ai-nm26osl-1792-nmiai/weights/classifier_swin_tiny_224.pt

--- Sat Mar 21 07:11:30 PM CET 2026 ---
v1 (EffNet-B3 224px): JOB_STATE_SUCCEEDED | Val   Loss: 1.3991 | Val   Acc: 90.0%
v2 (EffNet-B3 300px): JOB_STATE_SUCCEEDED | Val   Loss: 1.3639 | Val   Acc: 90.4%
ConvNeXt-Small 384px: JOB_STATE_SUCCEEDED | Val   Loss: 1.3500 | Val   Acc: 90.9%
EffNet-B3 focal 384px: JOB_STATE_SUCCEEDED | Val   Loss: 0.8319 | Val   Acc: 89.9%
!!! CLASSIFIER WEIGHTS IN GCS:
gs://ai-nm26osl-1792-nmiai/weights/classifier.pt
gs://ai-nm26osl-1792-nmiai/weights/classifier_convnext_small_384.pt
gs://ai-nm26osl-1792-nmiai/weights/classifier_efficientnet_b3.pt
gs://ai-nm26osl-1792-nmiai/weights/classifier_effnet_b3_384_focal.pt
gs://ai-nm26osl-1792-nmiai/weights/classifier_effnetv2_s_384.pt
gs://ai-nm26osl-1792-nmiai/weights/classifier_swin_tiny_224.pt

--- Sat Mar 21 07:25:59 PM CET 2026 ---
v1 (EffNet-B3 224px): JOB_STATE_SUCCEEDED | Val   Loss: 1.3991 | Val   Acc: 90.0%
v2 (EffNet-B3 300px): JOB_STATE_SUCCEEDED | Val   Loss: 1.3639 | Val   Acc: 90.4%
ConvNeXt-Small 384px: JOB_STATE_SUCCEEDED | Val   Loss: 1.3500 | Val   Acc: 90.9%
EffNet-B3 focal 384px: JOB_STATE_SUCCEEDED | Val   Loss: 0.8319 | Val   Acc: 89.9%
!!! CLASSIFIER WEIGHTS IN GCS:
gs://ai-nm26osl-1792-nmiai/weights/classifier.pt
gs://ai-nm26osl-1792-nmiai/weights/classifier_convnext_small_384.pt
gs://ai-nm26osl-1792-nmiai/weights/classifier_efficientnet_b3.pt
gs://ai-nm26osl-1792-nmiai/weights/classifier_effnet_b3_384_focal.pt
gs://ai-nm26osl-1792-nmiai/weights/classifier_effnetv2_s_384.pt
gs://ai-nm26osl-1792-nmiai/weights/classifier_swin_tiny_224.pt

--- Sat Mar 21 07:40:24 PM CET 2026 ---
v1 (EffNet-B3 224px): JOB_STATE_SUCCEEDED | Val   Loss: 1.3991 | Val   Acc: 90.0%
v2 (EffNet-B3 300px): JOB_STATE_SUCCEEDED | Val   Loss: 1.3639 | Val   Acc: 90.4%
ConvNeXt-Small 384px: JOB_STATE_SUCCEEDED | Val   Loss: 1.3500 | Val   Acc: 90.9%
EffNet-B3 focal 384px: JOB_STATE_SUCCEEDED | Val   Loss: 0.8319 | Val   Acc: 89.9%
!!! CLASSIFIER WEIGHTS IN GCS:
gs://ai-nm26osl-1792-nmiai/weights/classifier.pt
gs://ai-nm26osl-1792-nmiai/weights/classifier_convnext_small_384.pt
gs://ai-nm26osl-1792-nmiai/weights/classifier_efficientnet_b3.pt
gs://ai-nm26osl-1792-nmiai/weights/classifier_effnet_b3_384_focal.pt
gs://ai-nm26osl-1792-nmiai/weights/classifier_effnetv2_s_384.pt
gs://ai-nm26osl-1792-nmiai/weights/classifier_swin_tiny_224.pt

--- Sat Mar 21 07:54:53 PM CET 2026 ---
v1 (EffNet-B3 224px): JOB_STATE_SUCCEEDED | Val   Loss: 1.3991 | Val   Acc: 90.0%
v2 (EffNet-B3 300px): JOB_STATE_SUCCEEDED | Val   Loss: 1.3639 | Val   Acc: 90.4%
ConvNeXt-Small 384px: JOB_STATE_SUCCEEDED | Val   Loss: 1.3500 | Val   Acc: 90.9%
EffNet-B3 focal 384px: JOB_STATE_SUCCEEDED | Val   Loss: 0.8319 | Val   Acc: 89.9%
!!! CLASSIFIER WEIGHTS IN GCS:
gs://ai-nm26osl-1792-nmiai/weights/classifier.pt
gs://ai-nm26osl-1792-nmiai/weights/classifier_convnext_small_384.pt
gs://ai-nm26osl-1792-nmiai/weights/classifier_efficientnet_b3.pt
gs://ai-nm26osl-1792-nmiai/weights/classifier_effnet_b3_384_focal.pt
gs://ai-nm26osl-1792-nmiai/weights/classifier_effnetv2_s_384.pt
gs://ai-nm26osl-1792-nmiai/weights/classifier_swin_tiny_224.pt

--- Sat Mar 21 08:09:17 PM CET 2026 ---
v1 (EffNet-B3 224px): JOB_STATE_SUCCEEDED | Val   Loss: 1.3991 | Val   Acc: 90.0%
v2 (EffNet-B3 300px): JOB_STATE_SUCCEEDED | Val   Loss: 1.3639 | Val   Acc: 90.4%
ConvNeXt-Small 384px: JOB_STATE_SUCCEEDED | Val   Loss: 1.3500 | Val   Acc: 90.9%
EffNet-B3 focal 384px: JOB_STATE_SUCCEEDED | Val   Loss: 0.8319 | Val   Acc: 89.9%
!!! CLASSIFIER WEIGHTS IN GCS:
gs://ai-nm26osl-1792-nmiai/weights/classifier.pt
gs://ai-nm26osl-1792-nmiai/weights/classifier_convnext_small_384.pt
gs://ai-nm26osl-1792-nmiai/weights/classifier_efficientnet_b3.pt
gs://ai-nm26osl-1792-nmiai/weights/classifier_effnet_b3_384_focal.pt
gs://ai-nm26osl-1792-nmiai/weights/classifier_effnetv2_s_384.pt
gs://ai-nm26osl-1792-nmiai/weights/classifier_swin_tiny_224.pt

--- Sat Mar 21 08:23:46 PM CET 2026 ---
v1 (EffNet-B3 224px): JOB_STATE_SUCCEEDED | Val   Loss: 1.3991 | Val   Acc: 90.0%
v2 (EffNet-B3 300px): JOB_STATE_SUCCEEDED | Val   Loss: 1.3639 | Val   Acc: 90.4%
ConvNeXt-Small 384px: JOB_STATE_SUCCEEDED | Val   Loss: 1.3500 | Val   Acc: 90.9%
EffNet-B3 focal 384px: JOB_STATE_SUCCEEDED | Val   Loss: 0.8319 | Val   Acc: 89.9%
!!! CLASSIFIER WEIGHTS IN GCS:
gs://ai-nm26osl-1792-nmiai/weights/classifier.pt
gs://ai-nm26osl-1792-nmiai/weights/classifier_convnext_small_384.pt
gs://ai-nm26osl-1792-nmiai/weights/classifier_efficientnet_b3.pt
gs://ai-nm26osl-1792-nmiai/weights/classifier_effnet_b3_384_focal.pt
gs://ai-nm26osl-1792-nmiai/weights/classifier_effnetv2_s_384.pt
gs://ai-nm26osl-1792-nmiai/weights/classifier_swin_tiny_224.pt

--- Sat Mar 21 08:38:08 PM CET 2026 ---
v1 (EffNet-B3 224px): JOB_STATE_SUCCEEDED | Val   Loss: 1.3991 | Val   Acc: 90.0%
v2 (EffNet-B3 300px): JOB_STATE_SUCCEEDED | Val   Loss: 1.3639 | Val   Acc: 90.4%
ConvNeXt-Small 384px: JOB_STATE_SUCCEEDED | Val   Loss: 1.3500 | Val   Acc: 90.9%
EffNet-B3 focal 384px: JOB_STATE_SUCCEEDED | Val   Loss: 0.8319 | Val   Acc: 89.9%
!!! CLASSIFIER WEIGHTS IN GCS:
gs://ai-nm26osl-1792-nmiai/weights/classifier.pt
gs://ai-nm26osl-1792-nmiai/weights/classifier_convnext_small_384.pt
gs://ai-nm26osl-1792-nmiai/weights/classifier_efficientnet_b3.pt
gs://ai-nm26osl-1792-nmiai/weights/classifier_effnet_b3_384_focal.pt
gs://ai-nm26osl-1792-nmiai/weights/classifier_effnetv2_s_384.pt
gs://ai-nm26osl-1792-nmiai/weights/classifier_swin_tiny_224.pt

--- Sat Mar 21 08:52:38 PM CET 2026 ---
v1 (EffNet-B3 224px): JOB_STATE_SUCCEEDED | Val   Loss: 1.3991 | Val   Acc: 90.0%
v2 (EffNet-B3 300px): JOB_STATE_SUCCEEDED | Val   Loss: 1.3639 | Val   Acc: 90.4%
ConvNeXt-Small 384px: JOB_STATE_SUCCEEDED | Val   Loss: 1.3500 | Val   Acc: 90.9%
EffNet-B3 focal 384px: JOB_STATE_SUCCEEDED | Val   Loss: 0.8319 | Val   Acc: 89.9%
!!! CLASSIFIER WEIGHTS IN GCS:
gs://ai-nm26osl-1792-nmiai/weights/classifier.pt
gs://ai-nm26osl-1792-nmiai/weights/classifier_convnext_small_384.pt
gs://ai-nm26osl-1792-nmiai/weights/classifier_efficientnet_b3.pt
gs://ai-nm26osl-1792-nmiai/weights/classifier_effnet_b3_384_focal.pt
gs://ai-nm26osl-1792-nmiai/weights/classifier_effnetv2_s_384.pt
gs://ai-nm26osl-1792-nmiai/weights/classifier_swin_tiny_224.pt

--- Sat Mar 21 09:07:00 PM CET 2026 ---
v1 (EffNet-B3 224px): JOB_STATE_SUCCEEDED | Val   Loss: 1.3991 | Val   Acc: 90.0%
v2 (EffNet-B3 300px): JOB_STATE_SUCCEEDED | Val   Loss: 1.3639 | Val   Acc: 90.4%
ConvNeXt-Small 384px: JOB_STATE_SUCCEEDED | Val   Loss: 1.3500 | Val   Acc: 90.9%
EffNet-B3 focal 384px: JOB_STATE_SUCCEEDED | Val   Loss: 0.8319 | Val   Acc: 89.9%
!!! CLASSIFIER WEIGHTS IN GCS:
gs://ai-nm26osl-1792-nmiai/weights/classifier.pt
gs://ai-nm26osl-1792-nmiai/weights/classifier_convnext_small_384.pt
gs://ai-nm26osl-1792-nmiai/weights/classifier_efficientnet_b3.pt
gs://ai-nm26osl-1792-nmiai/weights/classifier_effnet_b3_384_focal.pt
gs://ai-nm26osl-1792-nmiai/weights/classifier_effnetv2_s_384.pt
gs://ai-nm26osl-1792-nmiai/weights/classifier_swin_tiny_224.pt

--- Sat Mar 21 09:21:28 PM CET 2026 ---
v1 (EffNet-B3 224px): JOB_STATE_SUCCEEDED | Val   Loss: 1.3991 | Val   Acc: 90.0%
v2 (EffNet-B3 300px): JOB_STATE_SUCCEEDED | Val   Loss: 1.3639 | Val   Acc: 90.4%
ConvNeXt-Small 384px: JOB_STATE_SUCCEEDED | Val   Loss: 1.3500 | Val   Acc: 90.9%
EffNet-B3 focal 384px: JOB_STATE_SUCCEEDED | Val   Loss: 0.8319 | Val   Acc: 89.9%
!!! CLASSIFIER WEIGHTS IN GCS:
gs://ai-nm26osl-1792-nmiai/weights/classifier.pt
gs://ai-nm26osl-1792-nmiai/weights/classifier_convnext_small_384.pt
gs://ai-nm26osl-1792-nmiai/weights/classifier_efficientnet_b3.pt
gs://ai-nm26osl-1792-nmiai/weights/classifier_effnet_b3_384_focal.pt
gs://ai-nm26osl-1792-nmiai/weights/classifier_effnetv2_s_384.pt
gs://ai-nm26osl-1792-nmiai/weights/classifier_swin_tiny_224.pt

--- Sat Mar 21 09:35:50 PM CET 2026 ---
v1 (EffNet-B3 224px): JOB_STATE_SUCCEEDED | Val   Loss: 1.3991 | Val   Acc: 90.0%
v2 (EffNet-B3 300px): JOB_STATE_SUCCEEDED | Val   Loss: 1.3639 | Val   Acc: 90.4%
ConvNeXt-Small 384px: JOB_STATE_SUCCEEDED | Val   Loss: 1.3500 | Val   Acc: 90.9%
EffNet-B3 focal 384px: JOB_STATE_SUCCEEDED | Val   Loss: 0.8319 | Val   Acc: 89.9%
!!! CLASSIFIER WEIGHTS IN GCS:
gs://ai-nm26osl-1792-nmiai/weights/classifier.pt
gs://ai-nm26osl-1792-nmiai/weights/classifier_convnext_small_384.pt
gs://ai-nm26osl-1792-nmiai/weights/classifier_efficientnet_b3.pt
gs://ai-nm26osl-1792-nmiai/weights/classifier_effnet_b3_384_focal.pt
gs://ai-nm26osl-1792-nmiai/weights/classifier_effnetv2_s_384.pt
gs://ai-nm26osl-1792-nmiai/weights/classifier_swin_tiny_224.pt

--- Sat Mar 21 09:50:17 PM CET 2026 ---
v1 (EffNet-B3 224px): JOB_STATE_SUCCEEDED | Val   Loss: 1.3991 | Val   Acc: 90.0%
v2 (EffNet-B3 300px): JOB_STATE_SUCCEEDED | Val   Loss: 1.3639 | Val   Acc: 90.4%
ConvNeXt-Small 384px: JOB_STATE_SUCCEEDED | Val   Loss: 1.3500 | Val   Acc: 90.9%
EffNet-B3 focal 384px: JOB_STATE_SUCCEEDED | Val   Loss: 0.8319 | Val   Acc: 89.9%
!!! CLASSIFIER WEIGHTS IN GCS:
gs://ai-nm26osl-1792-nmiai/weights/classifier.pt
gs://ai-nm26osl-1792-nmiai/weights/classifier_convnext_small_384.pt
gs://ai-nm26osl-1792-nmiai/weights/classifier_efficientnet_b3.pt
gs://ai-nm26osl-1792-nmiai/weights/classifier_effnet_b3_384_focal.pt
gs://ai-nm26osl-1792-nmiai/weights/classifier_effnetv2_s_384.pt
gs://ai-nm26osl-1792-nmiai/weights/classifier_swin_tiny_224.pt

--- Sat Mar 21 10:04:39 PM CET 2026 ---
v1 (EffNet-B3 224px): JOB_STATE_SUCCEEDED | Val   Loss: 1.3991 | Val   Acc: 90.0%
v2 (EffNet-B3 300px): JOB_STATE_SUCCEEDED | Val   Loss: 1.3639 | Val   Acc: 90.4%
ConvNeXt-Small 384px: JOB_STATE_SUCCEEDED | Val   Loss: 1.3500 | Val   Acc: 90.9%
EffNet-B3 focal 384px: JOB_STATE_SUCCEEDED | Val   Loss: 0.8319 | Val   Acc: 89.9%
!!! CLASSIFIER WEIGHTS IN GCS:
gs://ai-nm26osl-1792-nmiai/weights/classifier.pt
gs://ai-nm26osl-1792-nmiai/weights/classifier_convnext_small_384.pt
gs://ai-nm26osl-1792-nmiai/weights/classifier_efficientnet_b3.pt
gs://ai-nm26osl-1792-nmiai/weights/classifier_effnet_b3_384_focal.pt
gs://ai-nm26osl-1792-nmiai/weights/classifier_effnetv2_s_384.pt
gs://ai-nm26osl-1792-nmiai/weights/classifier_swin_tiny_224.pt

--- Sat Mar 21 10:19:05 PM CET 2026 ---
v1 (EffNet-B3 224px): JOB_STATE_SUCCEEDED | Val   Loss: 1.3991 | Val   Acc: 90.0%
v2 (EffNet-B3 300px): JOB_STATE_SUCCEEDED | Val   Loss: 1.3639 | Val   Acc: 90.4%
ConvNeXt-Small 384px: JOB_STATE_SUCCEEDED | Val   Loss: 1.3500 | Val   Acc: 90.9%
EffNet-B3 focal 384px: JOB_STATE_SUCCEEDED | Val   Loss: 0.8319 | Val   Acc: 89.9%
!!! CLASSIFIER WEIGHTS IN GCS:
gs://ai-nm26osl-1792-nmiai/weights/classifier.pt
gs://ai-nm26osl-1792-nmiai/weights/classifier_convnext_small_384.pt
gs://ai-nm26osl-1792-nmiai/weights/classifier_efficientnet_b3.pt
gs://ai-nm26osl-1792-nmiai/weights/classifier_effnet_b3_384_focal.pt
gs://ai-nm26osl-1792-nmiai/weights/classifier_effnetv2_s_384.pt
gs://ai-nm26osl-1792-nmiai/weights/classifier_swin_tiny_224.pt

--- Sat Mar 21 10:33:26 PM CET 2026 ---
v1 (EffNet-B3 224px): JOB_STATE_SUCCEEDED | Val   Loss: 1.3991 | Val   Acc: 90.0%
v2 (EffNet-B3 300px): JOB_STATE_SUCCEEDED | Val   Loss: 1.3639 | Val   Acc: 90.4%
ConvNeXt-Small 384px: JOB_STATE_SUCCEEDED | Val   Loss: 1.3500 | Val   Acc: 90.9%
EffNet-B3 focal 384px: JOB_STATE_SUCCEEDED | Val   Loss: 0.8319 | Val   Acc: 89.9%
!!! CLASSIFIER WEIGHTS IN GCS:
gs://ai-nm26osl-1792-nmiai/weights/classifier.pt
gs://ai-nm26osl-1792-nmiai/weights/classifier_convnext_small_384.pt
gs://ai-nm26osl-1792-nmiai/weights/classifier_efficientnet_b3.pt
gs://ai-nm26osl-1792-nmiai/weights/classifier_effnet_b3_384_focal.pt
gs://ai-nm26osl-1792-nmiai/weights/classifier_effnetv2_s_384.pt
gs://ai-nm26osl-1792-nmiai/weights/classifier_swin_tiny_224.pt

--- Sat Mar 21 10:47:52 PM CET 2026 ---
v1 (EffNet-B3 224px): JOB_STATE_SUCCEEDED | Val   Loss: 1.3991 | Val   Acc: 90.0%
v2 (EffNet-B3 300px): JOB_STATE_SUCCEEDED | Val   Loss: 1.3639 | Val   Acc: 90.4%
ConvNeXt-Small 384px: JOB_STATE_SUCCEEDED | Val   Loss: 1.3500 | Val   Acc: 90.9%
EffNet-B3 focal 384px: JOB_STATE_SUCCEEDED | Val   Loss: 0.8319 | Val   Acc: 89.9%
!!! CLASSIFIER WEIGHTS IN GCS:
gs://ai-nm26osl-1792-nmiai/weights/classifier.pt
gs://ai-nm26osl-1792-nmiai/weights/classifier_convnext_small_384.pt
gs://ai-nm26osl-1792-nmiai/weights/classifier_efficientnet_b3.pt
gs://ai-nm26osl-1792-nmiai/weights/classifier_effnet_b3_384_focal.pt
gs://ai-nm26osl-1792-nmiai/weights/classifier_effnetv2_s_384.pt
gs://ai-nm26osl-1792-nmiai/weights/classifier_swin_tiny_224.pt

--- Sat Mar 21 11:02:12 PM CET 2026 ---
v1 (EffNet-B3 224px): JOB_STATE_SUCCEEDED | Val   Loss: 1.3991 | Val   Acc: 90.0%
v2 (EffNet-B3 300px): JOB_STATE_SUCCEEDED | Val   Loss: 1.3639 | Val   Acc: 90.4%
ConvNeXt-Small 384px: JOB_STATE_SUCCEEDED | Val   Loss: 1.3500 | Val   Acc: 90.9%
EffNet-B3 focal 384px: JOB_STATE_SUCCEEDED | Val   Loss: 0.8319 | Val   Acc: 89.9%
!!! CLASSIFIER WEIGHTS IN GCS:
gs://ai-nm26osl-1792-nmiai/weights/classifier.pt
gs://ai-nm26osl-1792-nmiai/weights/classifier_convnext_small_384.pt
gs://ai-nm26osl-1792-nmiai/weights/classifier_efficientnet_b3.pt
gs://ai-nm26osl-1792-nmiai/weights/classifier_effnet_b3_384_focal.pt
gs://ai-nm26osl-1792-nmiai/weights/classifier_effnetv2_s_384.pt
gs://ai-nm26osl-1792-nmiai/weights/classifier_swin_tiny_224.pt

--- Sat Mar 21 11:16:40 PM CET 2026 ---
v1 (EffNet-B3 224px): JOB_STATE_SUCCEEDED | Val   Loss: 1.3991 | Val   Acc: 90.0%
v2 (EffNet-B3 300px): JOB_STATE_SUCCEEDED | Val   Loss: 1.3639 | Val   Acc: 90.4%
ConvNeXt-Small 384px: JOB_STATE_SUCCEEDED | Val   Loss: 1.3500 | Val   Acc: 90.9%
EffNet-B3 focal 384px: JOB_STATE_SUCCEEDED | Val   Loss: 0.8319 | Val   Acc: 89.9%
!!! CLASSIFIER WEIGHTS IN GCS:
gs://ai-nm26osl-1792-nmiai/weights/classifier.pt
gs://ai-nm26osl-1792-nmiai/weights/classifier_convnext_small_384.pt
gs://ai-nm26osl-1792-nmiai/weights/classifier_efficientnet_b3.pt
gs://ai-nm26osl-1792-nmiai/weights/classifier_effnet_b3_384_focal.pt
gs://ai-nm26osl-1792-nmiai/weights/classifier_effnetv2_s_384.pt
gs://ai-nm26osl-1792-nmiai/weights/classifier_swin_tiny_224.pt

--- Sat Mar 21 11:31:00 PM CET 2026 ---
v1 (EffNet-B3 224px): JOB_STATE_SUCCEEDED | Val   Loss: 1.3991 | Val   Acc: 90.0%
v2 (EffNet-B3 300px): JOB_STATE_SUCCEEDED | Val   Loss: 1.3639 | Val   Acc: 90.4%
ConvNeXt-Small 384px: JOB_STATE_SUCCEEDED | Val   Loss: 1.3500 | Val   Acc: 90.9%
EffNet-B3 focal 384px: JOB_STATE_SUCCEEDED | Val   Loss: 0.8319 | Val   Acc: 89.9%
!!! CLASSIFIER WEIGHTS IN GCS:
gs://ai-nm26osl-1792-nmiai/weights/classifier.pt
gs://ai-nm26osl-1792-nmiai/weights/classifier_convnext_small_384.pt
gs://ai-nm26osl-1792-nmiai/weights/classifier_efficientnet_b3.pt
gs://ai-nm26osl-1792-nmiai/weights/classifier_effnet_b3_384_focal.pt
gs://ai-nm26osl-1792-nmiai/weights/classifier_effnetv2_s_384.pt
gs://ai-nm26osl-1792-nmiai/weights/classifier_swin_tiny_224.pt

--- Sat Mar 21 11:45:26 PM CET 2026 ---
v1 (EffNet-B3 224px): JOB_STATE_SUCCEEDED | Val   Loss: 1.3991 | Val   Acc: 90.0%
v2 (EffNet-B3 300px): JOB_STATE_SUCCEEDED | Val   Loss: 1.3639 | Val   Acc: 90.4%
ConvNeXt-Small 384px: JOB_STATE_SUCCEEDED | Val   Loss: 1.3500 | Val   Acc: 90.9%
EffNet-B3 focal 384px: JOB_STATE_SUCCEEDED | Val   Loss: 0.8319 | Val   Acc: 89.9%
!!! CLASSIFIER WEIGHTS IN GCS:
gs://ai-nm26osl-1792-nmiai/weights/classifier.pt
gs://ai-nm26osl-1792-nmiai/weights/classifier_convnext_small_384.pt
gs://ai-nm26osl-1792-nmiai/weights/classifier_efficientnet_b3.pt
gs://ai-nm26osl-1792-nmiai/weights/classifier_effnet_b3_384_focal.pt
gs://ai-nm26osl-1792-nmiai/weights/classifier_effnetv2_s_384.pt
gs://ai-nm26osl-1792-nmiai/weights/classifier_swin_tiny_224.pt

--- Sat Mar 21 11:59:45 PM CET 2026 ---
v1 (EffNet-B3 224px): JOB_STATE_SUCCEEDED | Val   Loss: 1.3991 | Val   Acc: 90.0%
v2 (EffNet-B3 300px): JOB_STATE_SUCCEEDED | Val   Loss: 1.3639 | Val   Acc: 90.4%
ConvNeXt-Small 384px: JOB_STATE_SUCCEEDED | Val   Loss: 1.3500 | Val   Acc: 90.9%
EffNet-B3 focal 384px: JOB_STATE_SUCCEEDED | Val   Loss: 0.8319 | Val   Acc: 89.9%
!!! CLASSIFIER WEIGHTS IN GCS:
gs://ai-nm26osl-1792-nmiai/weights/classifier.pt
gs://ai-nm26osl-1792-nmiai/weights/classifier_convnext_small_384.pt
gs://ai-nm26osl-1792-nmiai/weights/classifier_efficientnet_b3.pt
gs://ai-nm26osl-1792-nmiai/weights/classifier_effnet_b3_384_focal.pt
gs://ai-nm26osl-1792-nmiai/weights/classifier_effnetv2_s_384.pt
gs://ai-nm26osl-1792-nmiai/weights/classifier_swin_tiny_224.pt

--- Sun Mar 22 12:14:09 AM CET 2026 ---
v1 (EffNet-B3 224px): JOB_STATE_SUCCEEDED | Val   Loss: 1.3991 | Val   Acc: 90.0%
v2 (EffNet-B3 300px): JOB_STATE_SUCCEEDED | Val   Loss: 1.3639 | Val   Acc: 90.4%
ConvNeXt-Small 384px: JOB_STATE_SUCCEEDED | Val   Loss: 1.3500 | Val   Acc: 90.9%
EffNet-B3 focal 384px: JOB_STATE_SUCCEEDED | Val   Loss: 0.8319 | Val   Acc: 89.9%
!!! CLASSIFIER WEIGHTS IN GCS:
gs://ai-nm26osl-1792-nmiai/weights/classifier.pt
gs://ai-nm26osl-1792-nmiai/weights/classifier_convnext_small_384.pt
gs://ai-nm26osl-1792-nmiai/weights/classifier_efficientnet_b3.pt
gs://ai-nm26osl-1792-nmiai/weights/classifier_effnet_b3_384_focal.pt
gs://ai-nm26osl-1792-nmiai/weights/classifier_effnetv2_s_384.pt
gs://ai-nm26osl-1792-nmiai/weights/classifier_swin_tiny_224.pt

--- Sun Mar 22 12:28:29 AM CET 2026 ---
v1 (EffNet-B3 224px): JOB_STATE_SUCCEEDED | Val   Loss: 1.3991 | Val   Acc: 90.0%
v2 (EffNet-B3 300px): JOB_STATE_SUCCEEDED | Val   Loss: 1.3639 | Val   Acc: 90.4%
ConvNeXt-Small 384px: JOB_STATE_SUCCEEDED | Val   Loss: 1.3500 | Val   Acc: 90.9%
EffNet-B3 focal 384px: JOB_STATE_SUCCEEDED | Val   Loss: 0.8319 | Val   Acc: 89.9%
!!! CLASSIFIER WEIGHTS IN GCS:
gs://ai-nm26osl-1792-nmiai/weights/classifier.pt
gs://ai-nm26osl-1792-nmiai/weights/classifier_convnext_small_384.pt
gs://ai-nm26osl-1792-nmiai/weights/classifier_efficientnet_b3.pt
gs://ai-nm26osl-1792-nmiai/weights/classifier_effnet_b3_384_focal.pt
gs://ai-nm26osl-1792-nmiai/weights/classifier_effnetv2_s_384.pt
gs://ai-nm26osl-1792-nmiai/weights/classifier_swin_tiny_224.pt

--- Sun Mar 22 12:42:52 AM CET 2026 ---
v1 (EffNet-B3 224px): JOB_STATE_SUCCEEDED | Val   Loss: 1.3991 | Val   Acc: 90.0%
v2 (EffNet-B3 300px): JOB_STATE_SUCCEEDED | Val   Loss: 1.3639 | Val   Acc: 90.4%
ConvNeXt-Small 384px: JOB_STATE_SUCCEEDED | Val   Loss: 1.3500 | Val   Acc: 90.9%
EffNet-B3 focal 384px: JOB_STATE_SUCCEEDED | Val   Loss: 0.8319 | Val   Acc: 89.9%
!!! CLASSIFIER WEIGHTS IN GCS:
gs://ai-nm26osl-1792-nmiai/weights/classifier.pt
gs://ai-nm26osl-1792-nmiai/weights/classifier_convnext_small_384.pt
gs://ai-nm26osl-1792-nmiai/weights/classifier_efficientnet_b3.pt
gs://ai-nm26osl-1792-nmiai/weights/classifier_effnet_b3_384_focal.pt
gs://ai-nm26osl-1792-nmiai/weights/classifier_effnetv2_s_384.pt
gs://ai-nm26osl-1792-nmiai/weights/classifier_swin_tiny_224.pt

--- Sun Mar 22 12:57:11 AM CET 2026 ---
v1 (EffNet-B3 224px): JOB_STATE_SUCCEEDED | Val   Loss: 1.3991 | Val   Acc: 90.0%
v2 (EffNet-B3 300px): JOB_STATE_SUCCEEDED | Val   Loss: 1.3639 | Val   Acc: 90.4%
ConvNeXt-Small 384px: JOB_STATE_SUCCEEDED | Val   Loss: 1.3500 | Val   Acc: 90.9%
EffNet-B3 focal 384px: JOB_STATE_SUCCEEDED | Val   Loss: 0.8319 | Val   Acc: 89.9%
!!! CLASSIFIER WEIGHTS IN GCS:
gs://ai-nm26osl-1792-nmiai/weights/classifier.pt
gs://ai-nm26osl-1792-nmiai/weights/classifier_convnext_small_384.pt
gs://ai-nm26osl-1792-nmiai/weights/classifier_efficientnet_b3.pt
gs://ai-nm26osl-1792-nmiai/weights/classifier_effnet_b3_384_focal.pt
gs://ai-nm26osl-1792-nmiai/weights/classifier_effnetv2_s_384.pt
gs://ai-nm26osl-1792-nmiai/weights/classifier_swin_tiny_224.pt

