=== Overnight watch started Fri Mar 20 10:56:43 PM CET 2026 ===

--- Fri Mar 20 11:01:42 PM CET 2026 ---
swin-tiny-224px-v3	JOB_STATE_RUNNING
effnetv2-s-384px-v2	JOB_STATE_RUNNING
convnext-small-384px-v2	JOB_STATE_RUNNING
effnet-b3-384px-focal-v2	JOB_STATE_RUNNING
classifier-effnet-b3-v2-300px	JOB_STATE_RUNNING
classifier-effnet-b3-20260320-140351	JOB_STATE_RUNNING

--- Fri Mar 20 11:06:44 PM CET 2026 ---
swin-tiny-224px-v3	JOB_STATE_RUNNING
effnetv2-s-384px-v2	JOB_STATE_RUNNING
convnext-small-384px-v2	JOB_STATE_RUNNING
effnet-b3-384px-focal-v2	JOB_STATE_RUNNING
classifier-effnet-b3-v2-300px	JOB_STATE_RUNNING
classifier-effnet-b3-20260320-140351	JOB_STATE_RUNNING

--- Fri Mar 20 11:11:45 PM CET 2026 ---
swin-tiny-224px-v3	JOB_STATE_RUNNING
effnetv2-s-384px-v2	JOB_STATE_RUNNING
convnext-small-384px-v2	JOB_STATE_RUNNING
effnet-b3-384px-focal-v2	JOB_STATE_RUNNING
classifier-effnet-b3-v2-300px	JOB_STATE_RUNNING
classifier-effnet-b3-20260320-140351	JOB_STATE_RUNNING

--- Fri Mar 20 11:16:47 PM CET 2026 ---
swin-tiny-224px-v3	JOB_STATE_RUNNING
effnetv2-s-384px-v2	JOB_STATE_RUNNING
convnext-small-384px-v2	JOB_STATE_RUNNING
effnet-b3-384px-focal-v2	JOB_STATE_RUNNING
classifier-effnet-b3-v2-300px	JOB_STATE_RUNNING
classifier-effnet-b3-20260320-140351	JOB_STATE_RUNNING

--- Fri Mar 20 11:21:48 PM CET 2026 ---
swin-tiny-224px-v3	JOB_STATE_RUNNING
effnetv2-s-384px-v2	JOB_STATE_RUNNING
convnext-small-384px-v2	JOB_STATE_RUNNING
effnet-b3-384px-focal-v2	JOB_STATE_RUNNING
classifier-effnet-b3-v2-300px	JOB_STATE_RUNNING
classifier-effnet-b3-20260320-140351	JOB_STATE_RUNNING

--- Fri Mar 20 11:26:50 PM CET 2026 ---
swin-tiny-224px-v3	JOB_STATE_RUNNING
effnetv2-s-384px-v2	JOB_STATE_RUNNING
convnext-small-384px-v2	JOB_STATE_RUNNING
effnet-b3-384px-focal-v2	JOB_STATE_RUNNING
classifier-effnet-b3-v2-300px	JOB_STATE_RUNNING
classifier-effnet-b3-20260320-140351	JOB_STATE_RUNNING

--- Fri Mar 20 11:31:51 PM CET 2026 ---
swin-tiny-224px-v3	JOB_STATE_RUNNING
effnetv2-s-384px-v2	JOB_STATE_RUNNING
convnext-small-384px-v2	JOB_STATE_RUNNING
effnet-b3-384px-focal-v2	JOB_STATE_RUNNING
classifier-effnet-b3-v2-300px	JOB_STATE_RUNNING
classifier-effnet-b3-20260320-140351	JOB_STATE_RUNNING

--- Fri Mar 20 11:36:52 PM CET 2026 ---
swin-tiny-224px-v3	JOB_STATE_RUNNING
effnetv2-s-384px-v2	JOB_STATE_RUNNING
convnext-small-384px-v2	JOB_STATE_RUNNING
effnet-b3-384px-focal-v2	JOB_STATE_RUNNING
classifier-effnet-b3-v2-300px	JOB_STATE_RUNNING
classifier-effnet-b3-20260320-140351	JOB_STATE_RUNNING

--- Fri Mar 20 11:41:54 PM CET 2026 ---
swin-tiny-224px-v3	JOB_STATE_RUNNING
effnetv2-s-384px-v2	JOB_STATE_RUNNING
convnext-small-384px-v2	JOB_STATE_RUNNING
effnet-b3-384px-focal-v2	JOB_STATE_RUNNING
classifier-effnet-b3-v2-300px	JOB_STATE_RUNNING
classifier-effnet-b3-20260320-140351	JOB_STATE_RUNNING

--- Fri Mar 20 11:46:55 PM CET 2026 ---
swin-tiny-224px-v3	JOB_STATE_RUNNING
effnetv2-s-384px-v2	JOB_STATE_RUNNING
convnext-small-384px-v2	JOB_STATE_RUNNING
effnet-b3-384px-focal-v2	JOB_STATE_RUNNING
classifier-effnet-b3-v2-300px	JOB_STATE_RUNNING
classifier-effnet-b3-20260320-140351	JOB_STATE_RUNNING

--- Fri Mar 20 11:51:56 PM CET 2026 ---
swin-tiny-224px-v3	JOB_STATE_RUNNING
effnetv2-s-384px-v2	JOB_STATE_RUNNING
convnext-small-384px-v2	JOB_STATE_RUNNING
effnet-b3-384px-focal-v2	JOB_STATE_RUNNING
classifier-effnet-b3-v2-300px	JOB_STATE_RUNNING
classifier-effnet-b3-20260320-140351	JOB_STATE_RUNNING

--- Fri Mar 20 11:56:57 PM CET 2026 ---
swin-tiny-224px-v3	JOB_STATE_RUNNING
effnetv2-s-384px-v2	JOB_STATE_RUNNING
convnext-small-384px-v2	JOB_STATE_RUNNING
effnet-b3-384px-focal-v2	JOB_STATE_RUNNING
classifier-effnet-b3-v2-300px	JOB_STATE_RUNNING
classifier-effnet-b3-20260320-140351	JOB_STATE_RUNNING

--- Sat Mar 21 12:01:58 AM CET 2026 ---
swin-tiny-224px-v3	JOB_STATE_RUNNING
effnetv2-s-384px-v2	JOB_STATE_RUNNING
convnext-small-384px-v2	JOB_STATE_RUNNING
effnet-b3-384px-focal-v2	JOB_STATE_RUNNING
classifier-effnet-b3-v2-300px	JOB_STATE_RUNNING
classifier-effnet-b3-20260320-140351	JOB_STATE_RUNNING

--- Sat Mar 21 12:07:00 AM CET 2026 ---
swin-tiny-224px-v3	JOB_STATE_RUNNING
effnetv2-s-384px-v2	JOB_STATE_RUNNING
convnext-small-384px-v2	JOB_STATE_RUNNING
effnet-b3-384px-focal-v2	JOB_STATE_RUNNING
classifier-effnet-b3-v2-300px	JOB_STATE_RUNNING
classifier-effnet-b3-20260320-140351	JOB_STATE_RUNNING

--- Sat Mar 21 12:12:01 AM CET 2026 ---
swin-tiny-224px-v3	JOB_STATE_RUNNING
effnetv2-s-384px-v2	JOB_STATE_RUNNING
convnext-small-384px-v2	JOB_STATE_RUNNING
effnet-b3-384px-focal-v2	JOB_STATE_RUNNING
classifier-effnet-b3-v2-300px	JOB_STATE_RUNNING
classifier-effnet-b3-20260320-140351	JOB_STATE_RUNNING

--- Sat Mar 21 12:17:02 AM CET 2026 ---
swin-tiny-224px-v3	JOB_STATE_RUNNING
effnetv2-s-384px-v2	JOB_STATE_RUNNING
convnext-small-384px-v2	JOB_STATE_RUNNING
effnet-b3-384px-focal-v2	JOB_STATE_RUNNING
classifier-effnet-b3-v2-300px	JOB_STATE_RUNNING
classifier-effnet-b3-20260320-140351	JOB_STATE_RUNNING

--- Sat Mar 21 12:22:03 AM CET 2026 ---
swin-tiny-224px-v3	JOB_STATE_RUNNING
effnetv2-s-384px-v2	JOB_STATE_RUNNING
convnext-small-384px-v2	JOB_STATE_RUNNING
effnet-b3-384px-focal-v2	JOB_STATE_RUNNING
classifier-effnet-b3-v2-300px	JOB_STATE_RUNNING
classifier-effnet-b3-20260320-140351	JOB_STATE_RUNNING

--- Sat Mar 21 12:27:04 AM CET 2026 ---
swin-tiny-224px-v3	JOB_STATE_RUNNING
effnetv2-s-384px-v2	JOB_STATE_RUNNING
convnext-small-384px-v2	JOB_STATE_RUNNING
effnet-b3-384px-focal-v2	JOB_STATE_RUNNING
classifier-effnet-b3-v2-300px	JOB_STATE_RUNNING
classifier-effnet-b3-20260320-140351	JOB_STATE_RUNNING

--- Sat Mar 21 12:32:05 AM CET 2026 ---
swin-tiny-224px-v3	JOB_STATE_RUNNING
effnetv2-s-384px-v2	JOB_STATE_RUNNING
convnext-small-384px-v2	JOB_STATE_RUNNING
effnet-b3-384px-focal-v2	JOB_STATE_RUNNING
classifier-effnet-b3-v2-300px	JOB_STATE_RUNNING
classifier-effnet-b3-20260320-140351	JOB_STATE_RUNNING

--- Sat Mar 21 12:37:06 AM CET 2026 ---
swin-tiny-224px-v3	JOB_STATE_RUNNING
effnetv2-s-384px-v2	JOB_STATE_RUNNING
convnext-small-384px-v2	JOB_STATE_RUNNING
effnet-b3-384px-focal-v2	JOB_STATE_RUNNING
classifier-effnet-b3-v2-300px	JOB_STATE_RUNNING
classifier-effnet-b3-20260320-140351	JOB_STATE_RUNNING

--- Sat Mar 21 12:42:08 AM CET 2026 ---
swin-tiny-224px-v3	JOB_STATE_RUNNING
effnetv2-s-384px-v2	JOB_STATE_RUNNING
convnext-small-384px-v2	JOB_STATE_RUNNING
effnet-b3-384px-focal-v2	JOB_STATE_RUNNING
classifier-effnet-b3-v2-300px	JOB_STATE_RUNNING
classifier-effnet-b3-20260320-140351	JOB_STATE_RUNNING

--- Sat Mar 21 12:47:09 AM CET 2026 ---
swin-tiny-224px-v3	JOB_STATE_RUNNING
effnetv2-s-384px-v2	JOB_STATE_RUNNING
convnext-small-384px-v2	JOB_STATE_RUNNING
effnet-b3-384px-focal-v2	JOB_STATE_RUNNING
classifier-effnet-b3-v2-300px	JOB_STATE_RUNNING
classifier-effnet-b3-20260320-140351	JOB_STATE_RUNNING

--- Sat Mar 21 12:52:10 AM CET 2026 ---
swin-tiny-224px-v3	JOB_STATE_RUNNING
effnetv2-s-384px-v2	JOB_STATE_RUNNING
convnext-small-384px-v2	JOB_STATE_RUNNING
effnet-b3-384px-focal-v2	JOB_STATE_RUNNING
classifier-effnet-b3-v2-300px	JOB_STATE_RUNNING
classifier-effnet-b3-20260320-140351	JOB_STATE_RUNNING

--- Sat Mar 21 12:57:11 AM CET 2026 ---
swin-tiny-224px-v3	JOB_STATE_RUNNING
effnetv2-s-384px-v2	JOB_STATE_RUNNING
convnext-small-384px-v2	JOB_STATE_RUNNING
effnet-b3-384px-focal-v2	JOB_STATE_RUNNING
classifier-effnet-b3-v2-300px	JOB_STATE_RUNNING
classifier-effnet-b3-20260320-140351	JOB_STATE_RUNNING

--- Sat Mar 21 01:02:12 AM CET 2026 ---
swin-tiny-224px-v3	JOB_STATE_RUNNING
effnetv2-s-384px-v2	JOB_STATE_RUNNING
convnext-small-384px-v2	JOB_STATE_RUNNING
effnet-b3-384px-focal-v2	JOB_STATE_RUNNING
classifier-effnet-b3-v2-300px	JOB_STATE_RUNNING
classifier-effnet-b3-20260320-140351	JOB_STATE_RUNNING

--- Sat Mar 21 01:07:13 AM CET 2026 ---
swin-tiny-224px-v3	JOB_STATE_RUNNING
effnetv2-s-384px-v2	JOB_STATE_RUNNING
convnext-small-384px-v2	JOB_STATE_RUNNING
effnet-b3-384px-focal-v2	JOB_STATE_RUNNING
classifier-effnet-b3-v2-300px	JOB_STATE_RUNNING
classifier-effnet-b3-20260320-140351	JOB_STATE_RUNNING

--- Sat Mar 21 01:12:14 AM CET 2026 ---
swin-tiny-224px-v3	JOB_STATE_RUNNING
effnetv2-s-384px-v2	JOB_STATE_RUNNING
convnext-small-384px-v2	JOB_STATE_RUNNING
effnet-b3-384px-focal-v2	JOB_STATE_RUNNING
classifier-effnet-b3-v2-300px	JOB_STATE_RUNNING
classifier-effnet-b3-20260320-140351	JOB_STATE_RUNNING

--- Sat Mar 21 01:17:15 AM CET 2026 ---
eval-sub4-dual1280	JOB_STATE_PENDING
eval-no-tta-v2	JOB_STATE_PENDING
swin-tiny-224px-v3	JOB_STATE_RUNNING
effnetv2-s-384px-v2	JOB_STATE_RUNNING
convnext-small-384px-v2	JOB_STATE_RUNNING
effnet-b3-384px-focal-v2	JOB_STATE_RUNNING
classifier-effnet-b3-v2-300px	JOB_STATE_RUNNING
classifier-effnet-b3-20260320-140351	JOB_STATE_RUNNING

--- Sat Mar 21 01:22:16 AM CET 2026 ---
eval-no-tta-v2	JOB_STATE_PENDING
swin-tiny-224px-v3	JOB_STATE_RUNNING
effnetv2-s-384px-v2	JOB_STATE_RUNNING
convnext-small-384px-v2	JOB_STATE_RUNNING
effnet-b3-384px-focal-v2	JOB_STATE_RUNNING
classifier-effnet-b3-v2-300px	JOB_STATE_RUNNING
classifier-effnet-b3-20260320-140351	JOB_STATE_RUNNING

--- Sat Mar 21 01:27:17 AM CET 2026 ---
swin-tiny-224px-v3	JOB_STATE_RUNNING
effnetv2-s-384px-v2	JOB_STATE_RUNNING
convnext-small-384px-v2	JOB_STATE_RUNNING
effnet-b3-384px-focal-v2	JOB_STATE_RUNNING
classifier-effnet-b3-v2-300px	JOB_STATE_RUNNING
classifier-effnet-b3-20260320-140351	JOB_STATE_RUNNING

--- Sat Mar 21 01:32:18 AM CET 2026 ---
swin-tiny-224px-v3	JOB_STATE_RUNNING
effnetv2-s-384px-v2	JOB_STATE_RUNNING
convnext-small-384px-v2	JOB_STATE_RUNNING
effnet-b3-384px-focal-v2	JOB_STATE_RUNNING
classifier-effnet-b3-v2-300px	JOB_STATE_RUNNING
classifier-effnet-b3-20260320-140351	JOB_STATE_RUNNING

--- Sat Mar 21 01:37:19 AM CET 2026 ---
swin-tiny-224px-v3	JOB_STATE_RUNNING
effnetv2-s-384px-v2	JOB_STATE_RUNNING
convnext-small-384px-v2	JOB_STATE_RUNNING
effnet-b3-384px-focal-v2	JOB_STATE_RUNNING
classifier-effnet-b3-v2-300px	JOB_STATE_RUNNING
classifier-effnet-b3-20260320-140351	JOB_STATE_RUNNING

--- Sat Mar 21 01:42:20 AM CET 2026 ---
swin-tiny-224px-v3	JOB_STATE_RUNNING
effnetv2-s-384px-v2	JOB_STATE_RUNNING
convnext-small-384px-v2	JOB_STATE_RUNNING
effnet-b3-384px-focal-v2	JOB_STATE_RUNNING
classifier-effnet-b3-v2-300px	JOB_STATE_RUNNING
classifier-effnet-b3-20260320-140351	JOB_STATE_RUNNING

--- Sat Mar 21 01:47:21 AM CET 2026 ---
swin-tiny-224px-v3	JOB_STATE_RUNNING
effnetv2-s-384px-v2	JOB_STATE_RUNNING
convnext-small-384px-v2	JOB_STATE_RUNNING
effnet-b3-384px-focal-v2	JOB_STATE_RUNNING
classifier-effnet-b3-v2-300px	JOB_STATE_RUNNING
classifier-effnet-b3-20260320-140351	JOB_STATE_RUNNING

--- Sat Mar 21 01:52:23 AM CET 2026 ---
swin-tiny-224px-v3	JOB_STATE_RUNNING
effnetv2-s-384px-v2	JOB_STATE_RUNNING
convnext-small-384px-v2	JOB_STATE_RUNNING
effnet-b3-384px-focal-v2	JOB_STATE_RUNNING
classifier-effnet-b3-v2-300px	JOB_STATE_RUNNING
classifier-effnet-b3-20260320-140351	JOB_STATE_RUNNING

--- Sat Mar 21 01:57:24 AM CET 2026 ---
swin-tiny-224px-v3	JOB_STATE_RUNNING
effnetv2-s-384px-v2	JOB_STATE_RUNNING
convnext-small-384px-v2	JOB_STATE_RUNNING
effnet-b3-384px-focal-v2	JOB_STATE_RUNNING
classifier-effnet-b3-v2-300px	JOB_STATE_RUNNING
classifier-effnet-b3-20260320-140351	JOB_STATE_RUNNING

--- Sat Mar 21 02:02:25 AM CET 2026 ---
swin-tiny-224px-v3	JOB_STATE_RUNNING
effnetv2-s-384px-v2	JOB_STATE_RUNNING
convnext-small-384px-v2	JOB_STATE_RUNNING
effnet-b3-384px-focal-v2	JOB_STATE_RUNNING
classifier-effnet-b3-v2-300px	JOB_STATE_RUNNING
classifier-effnet-b3-20260320-140351	JOB_STATE_RUNNING

--- Sat Mar 21 02:07:26 AM CET 2026 ---
swin-tiny-224px-v3	JOB_STATE_RUNNING
effnetv2-s-384px-v2	JOB_STATE_RUNNING
convnext-small-384px-v2	JOB_STATE_RUNNING
effnet-b3-384px-focal-v2	JOB_STATE_RUNNING
classifier-effnet-b3-v2-300px	JOB_STATE_RUNNING
classifier-effnet-b3-20260320-140351	JOB_STATE_RUNNING

--- Sat Mar 21 02:12:26 AM CET 2026 ---
swin-tiny-224px-v3	JOB_STATE_RUNNING
effnetv2-s-384px-v2	JOB_STATE_RUNNING
convnext-small-384px-v2	JOB_STATE_RUNNING
effnet-b3-384px-focal-v2	JOB_STATE_RUNNING
classifier-effnet-b3-v2-300px	JOB_STATE_RUNNING
classifier-effnet-b3-20260320-140351	JOB_STATE_RUNNING

--- Sat Mar 21 02:17:27 AM CET 2026 ---
swin-tiny-224px-v3	JOB_STATE_RUNNING
effnetv2-s-384px-v2	JOB_STATE_RUNNING
convnext-small-384px-v2	JOB_STATE_RUNNING
effnet-b3-384px-focal-v2	JOB_STATE_RUNNING
classifier-effnet-b3-v2-300px	JOB_STATE_RUNNING
classifier-effnet-b3-20260320-140351	JOB_STATE_RUNNING

--- Sat Mar 21 02:22:29 AM CET 2026 ---
swin-tiny-224px-v3	JOB_STATE_RUNNING
effnetv2-s-384px-v2	JOB_STATE_RUNNING
convnext-small-384px-v2	JOB_STATE_RUNNING
effnet-b3-384px-focal-v2	JOB_STATE_RUNNING
classifier-effnet-b3-v2-300px	JOB_STATE_RUNNING
classifier-effnet-b3-20260320-140351	JOB_STATE_RUNNING

--- Sat Mar 21 02:27:29 AM CET 2026 ---
swin-tiny-224px-v3	JOB_STATE_RUNNING
effnetv2-s-384px-v2	JOB_STATE_RUNNING
convnext-small-384px-v2	JOB_STATE_RUNNING
effnet-b3-384px-focal-v2	JOB_STATE_RUNNING
classifier-effnet-b3-v2-300px	JOB_STATE_RUNNING
classifier-effnet-b3-20260320-140351	JOB_STATE_RUNNING

--- Sat Mar 21 02:32:30 AM CET 2026 ---
CLASSIFIER WEIGHTS FOUND:
gs://ai-nm26osl-1792-nmiai/weights/classifier_efficientnet_b3.pt
swin-tiny-224px-v3	JOB_STATE_RUNNING
effnetv2-s-384px-v2	JOB_STATE_RUNNING
convnext-small-384px-v2	JOB_STATE_RUNNING
effnet-b3-384px-focal-v2	JOB_STATE_RUNNING
classifier-effnet-b3-v2-300px	JOB_STATE_RUNNING

--- Sat Mar 21 02:37:31 AM CET 2026 ---
CLASSIFIER WEIGHTS FOUND:
gs://ai-nm26osl-1792-nmiai/weights/classifier_efficientnet_b3.pt
swin-tiny-224px-v3	JOB_STATE_RUNNING
effnetv2-s-384px-v2	JOB_STATE_RUNNING
convnext-small-384px-v2	JOB_STATE_RUNNING
effnet-b3-384px-focal-v2	JOB_STATE_RUNNING
classifier-effnet-b3-v2-300px	JOB_STATE_RUNNING

--- Sat Mar 21 02:42:31 AM CET 2026 ---
CLASSIFIER WEIGHTS FOUND:
gs://ai-nm26osl-1792-nmiai/weights/classifier_efficientnet_b3.pt
swin-tiny-224px-v3	JOB_STATE_RUNNING
effnetv2-s-384px-v2	JOB_STATE_RUNNING
convnext-small-384px-v2	JOB_STATE_RUNNING
effnet-b3-384px-focal-v2	JOB_STATE_RUNNING
classifier-effnet-b3-v2-300px	JOB_STATE_RUNNING

--- Sat Mar 21 02:47:32 AM CET 2026 ---
CLASSIFIER WEIGHTS FOUND:
gs://ai-nm26osl-1792-nmiai/weights/classifier_efficientnet_b3.pt
swin-tiny-224px-v3	JOB_STATE_RUNNING
effnetv2-s-384px-v2	JOB_STATE_RUNNING
convnext-small-384px-v2	JOB_STATE_RUNNING
effnet-b3-384px-focal-v2	JOB_STATE_RUNNING
classifier-effnet-b3-v2-300px	JOB_STATE_RUNNING

--- Sat Mar 21 02:52:33 AM CET 2026 ---
CLASSIFIER WEIGHTS FOUND:
gs://ai-nm26osl-1792-nmiai/weights/classifier_efficientnet_b3.pt
swin-tiny-224px-v3	JOB_STATE_RUNNING
effnetv2-s-384px-v2	JOB_STATE_RUNNING
convnext-small-384px-v2	JOB_STATE_RUNNING
effnet-b3-384px-focal-v2	JOB_STATE_RUNNING
classifier-effnet-b3-v2-300px	JOB_STATE_RUNNING

--- Sat Mar 21 02:57:34 AM CET 2026 ---
CLASSIFIER WEIGHTS FOUND:
gs://ai-nm26osl-1792-nmiai/weights/classifier_efficientnet_b3.pt
swin-tiny-224px-v3	JOB_STATE_RUNNING
effnetv2-s-384px-v2	JOB_STATE_RUNNING
convnext-small-384px-v2	JOB_STATE_RUNNING
effnet-b3-384px-focal-v2	JOB_STATE_RUNNING
classifier-effnet-b3-v2-300px	JOB_STATE_RUNNING

--- Sat Mar 21 03:02:35 AM CET 2026 ---
CLASSIFIER WEIGHTS FOUND:
gs://ai-nm26osl-1792-nmiai/weights/classifier_efficientnet_b3.pt
swin-tiny-224px-v3	JOB_STATE_RUNNING
effnetv2-s-384px-v2	JOB_STATE_RUNNING
convnext-small-384px-v2	JOB_STATE_RUNNING
effnet-b3-384px-focal-v2	JOB_STATE_RUNNING
classifier-effnet-b3-v2-300px	JOB_STATE_RUNNING

--- Sat Mar 21 03:07:36 AM CET 2026 ---
CLASSIFIER WEIGHTS FOUND:
gs://ai-nm26osl-1792-nmiai/weights/classifier_efficientnet_b3.pt
swin-tiny-224px-v3	JOB_STATE_RUNNING
effnetv2-s-384px-v2	JOB_STATE_RUNNING
convnext-small-384px-v2	JOB_STATE_RUNNING
effnet-b3-384px-focal-v2	JOB_STATE_RUNNING
classifier-effnet-b3-v2-300px	JOB_STATE_RUNNING

--- Sat Mar 21 03:12:37 AM CET 2026 ---
CLASSIFIER WEIGHTS FOUND:
gs://ai-nm26osl-1792-nmiai/weights/classifier_efficientnet_b3.pt
swin-tiny-224px-v3	JOB_STATE_RUNNING
effnetv2-s-384px-v2	JOB_STATE_RUNNING
convnext-small-384px-v2	JOB_STATE_RUNNING
effnet-b3-384px-focal-v2	JOB_STATE_RUNNING
classifier-effnet-b3-v2-300px	JOB_STATE_RUNNING

--- Sat Mar 21 03:17:38 AM CET 2026 ---
CLASSIFIER WEIGHTS FOUND:
gs://ai-nm26osl-1792-nmiai/weights/classifier_efficientnet_b3.pt
swin-tiny-224px-v3	JOB_STATE_RUNNING
effnetv2-s-384px-v2	JOB_STATE_RUNNING
convnext-small-384px-v2	JOB_STATE_RUNNING
effnet-b3-384px-focal-v2	JOB_STATE_RUNNING
classifier-effnet-b3-v2-300px	JOB_STATE_RUNNING

--- Sat Mar 21 03:22:38 AM CET 2026 ---
CLASSIFIER WEIGHTS FOUND:
gs://ai-nm26osl-1792-nmiai/weights/classifier_efficientnet_b3.pt
eval-with-classifier	JOB_STATE_PENDING
eval-baseline-v3	JOB_STATE_PENDING
swin-tiny-224px-v3	JOB_STATE_RUNNING
effnetv2-s-384px-v2	JOB_STATE_RUNNING
convnext-small-384px-v2	JOB_STATE_RUNNING
effnet-b3-384px-focal-v2	JOB_STATE_RUNNING
classifier-effnet-b3-v2-300px	JOB_STATE_RUNNING

--- Sat Mar 21 03:27:39 AM CET 2026 ---
CLASSIFIER WEIGHTS FOUND:
gs://ai-nm26osl-1792-nmiai/weights/classifier_efficientnet_b3.pt
eval-with-classifier	JOB_STATE_RUNNING
eval-baseline-v3	JOB_STATE_RUNNING
swin-tiny-224px-v3	JOB_STATE_RUNNING
effnetv2-s-384px-v2	JOB_STATE_RUNNING
convnext-small-384px-v2	JOB_STATE_RUNNING
effnet-b3-384px-focal-v2	JOB_STATE_RUNNING
classifier-effnet-b3-v2-300px	JOB_STATE_RUNNING

--- Sat Mar 21 03:32:40 AM CET 2026 ---
CLASSIFIER WEIGHTS FOUND:
gs://ai-nm26osl-1792-nmiai/weights/classifier_efficientnet_b3.pt
eval-with-classifier	JOB_STATE_RUNNING
eval-baseline-v3	JOB_STATE_RUNNING
swin-tiny-224px-v3	JOB_STATE_RUNNING
effnetv2-s-384px-v2	JOB_STATE_RUNNING
convnext-small-384px-v2	JOB_STATE_RUNNING
effnet-b3-384px-focal-v2	JOB_STATE_RUNNING
classifier-effnet-b3-v2-300px	JOB_STATE_RUNNING

--- Sat Mar 21 03:37:41 AM CET 2026 ---
CLASSIFIER WEIGHTS FOUND:
gs://ai-nm26osl-1792-nmiai/weights/classifier_efficientnet_b3.pt
eval-with-classifier	JOB_STATE_RUNNING
eval-baseline-v3	JOB_STATE_RUNNING
swin-tiny-224px-v3	JOB_STATE_RUNNING
effnetv2-s-384px-v2	JOB_STATE_RUNNING
convnext-small-384px-v2	JOB_STATE_RUNNING
effnet-b3-384px-focal-v2	JOB_STATE_RUNNING
classifier-effnet-b3-v2-300px	JOB_STATE_RUNNING

--- Sat Mar 21 03:42:41 AM CET 2026 ---
CLASSIFIER WEIGHTS FOUND:
gs://ai-nm26osl-1792-nmiai/weights/classifier_efficientnet_b3.pt
swin-tiny-224px-v3	JOB_STATE_RUNNING
effnetv2-s-384px-v2	JOB_STATE_RUNNING
convnext-small-384px-v2	JOB_STATE_RUNNING
effnet-b3-384px-focal-v2	JOB_STATE_RUNNING
classifier-effnet-b3-v2-300px	JOB_STATE_RUNNING

--- Sat Mar 21 03:47:42 AM CET 2026 ---
CLASSIFIER WEIGHTS FOUND:
gs://ai-nm26osl-1792-nmiai/weights/classifier_efficientnet_b3.pt
eval-baseline-v4	JOB_STATE_RUNNING
eval-with-classifier-v2	JOB_STATE_PENDING
swin-tiny-224px-v3	JOB_STATE_RUNNING
effnetv2-s-384px-v2	JOB_STATE_RUNNING
convnext-small-384px-v2	JOB_STATE_RUNNING
effnet-b3-384px-focal-v2	JOB_STATE_RUNNING
classifier-effnet-b3-v2-300px	JOB_STATE_RUNNING

--- Sat Mar 21 03:52:43 AM CET 2026 ---
CLASSIFIER WEIGHTS FOUND:
gs://ai-nm26osl-1792-nmiai/weights/classifier_efficientnet_b3.pt
eval-with-classifier-v2	JOB_STATE_PENDING
eval-baseline-v4	JOB_STATE_RUNNING
swin-tiny-224px-v3	JOB_STATE_RUNNING
effnetv2-s-384px-v2	JOB_STATE_RUNNING
convnext-small-384px-v2	JOB_STATE_RUNNING
effnet-b3-384px-focal-v2	JOB_STATE_RUNNING
classifier-effnet-b3-v2-300px	JOB_STATE_RUNNING

--- Sat Mar 21 03:57:44 AM CET 2026 ---
CLASSIFIER WEIGHTS FOUND:
gs://ai-nm26osl-1792-nmiai/weights/classifier_efficientnet_b3.pt
eval-with-classifier-v2	JOB_STATE_RUNNING
eval-baseline-v4	JOB_STATE_RUNNING
swin-tiny-224px-v3	JOB_STATE_RUNNING
effnetv2-s-384px-v2	JOB_STATE_RUNNING
convnext-small-384px-v2	JOB_STATE_RUNNING
effnet-b3-384px-focal-v2	JOB_STATE_RUNNING
classifier-effnet-b3-v2-300px	JOB_STATE_RUNNING

--- Sat Mar 21 04:02:45 AM CET 2026 ---
CLASSIFIER WEIGHTS FOUND:
gs://ai-nm26osl-1792-nmiai/weights/classifier_efficientnet_b3.pt
eval-with-classifier-v2	JOB_STATE_RUNNING
swin-tiny-224px-v3	JOB_STATE_RUNNING
effnetv2-s-384px-v2	JOB_STATE_RUNNING
convnext-small-384px-v2	JOB_STATE_RUNNING
effnet-b3-384px-focal-v2	JOB_STATE_RUNNING
classifier-effnet-b3-v2-300px	JOB_STATE_RUNNING

--- Sat Mar 21 04:07:46 AM CET 2026 ---
CLASSIFIER WEIGHTS FOUND:
gs://ai-nm26osl-1792-nmiai/weights/classifier_efficientnet_b3.pt
swin-tiny-224px-v3	JOB_STATE_RUNNING
effnetv2-s-384px-v2	JOB_STATE_RUNNING
convnext-small-384px-v2	JOB_STATE_RUNNING
effnet-b3-384px-focal-v2	JOB_STATE_RUNNING
classifier-effnet-b3-v2-300px	JOB_STATE_RUNNING

--- Sat Mar 21 04:12:46 AM CET 2026 ---
CLASSIFIER WEIGHTS FOUND:
gs://ai-nm26osl-1792-nmiai/weights/classifier.pt
gs://ai-nm26osl-1792-nmiai/weights/classifier_efficientnet_b3.pt
eval-baseline-v5	JOB_STATE_PENDING
eval-with-classifier-v3	JOB_STATE_PENDING
swin-tiny-224px-v3	JOB_STATE_RUNNING
effnetv2-s-384px-v2	JOB_STATE_RUNNING
convnext-small-384px-v2	JOB_STATE_RUNNING
effnet-b3-384px-focal-v2	JOB_STATE_RUNNING
classifier-effnet-b3-v2-300px	JOB_STATE_RUNNING

--- Sat Mar 21 04:17:47 AM CET 2026 ---
CLASSIFIER WEIGHTS FOUND:
gs://ai-nm26osl-1792-nmiai/weights/classifier.pt
gs://ai-nm26osl-1792-nmiai/weights/classifier_efficientnet_b3.pt
eval-baseline-v5	JOB_STATE_PENDING
eval-with-classifier-v3	JOB_STATE_PENDING
swin-tiny-224px-v3	JOB_STATE_RUNNING
effnetv2-s-384px-v2	JOB_STATE_RUNNING
convnext-small-384px-v2	JOB_STATE_RUNNING
effnet-b3-384px-focal-v2	JOB_STATE_RUNNING
classifier-effnet-b3-v2-300px	JOB_STATE_RUNNING

--- Sat Mar 21 04:22:47 AM CET 2026 ---
CLASSIFIER WEIGHTS FOUND:
gs://ai-nm26osl-1792-nmiai/weights/classifier.pt
gs://ai-nm26osl-1792-nmiai/weights/classifier_efficientnet_b3.pt
eval-with-classifier-v3	JOB_STATE_RUNNING
eval-baseline-v5	JOB_STATE_RUNNING
swin-tiny-224px-v3	JOB_STATE_RUNNING
effnetv2-s-384px-v2	JOB_STATE_RUNNING
convnext-small-384px-v2	JOB_STATE_RUNNING
effnet-b3-384px-focal-v2	JOB_STATE_RUNNING
classifier-effnet-b3-v2-300px	JOB_STATE_RUNNING

--- Sat Mar 21 04:27:48 AM CET 2026 ---
CLASSIFIER WEIGHTS FOUND:
gs://ai-nm26osl-1792-nmiai/weights/classifier.pt
gs://ai-nm26osl-1792-nmiai/weights/classifier_efficientnet_b3.pt
eval-with-classifier-v3	JOB_STATE_RUNNING
eval-baseline-v5	JOB_STATE_RUNNING
swin-tiny-224px-v3	JOB_STATE_RUNNING
effnetv2-s-384px-v2	JOB_STATE_RUNNING
convnext-small-384px-v2	JOB_STATE_RUNNING
effnet-b3-384px-focal-v2	JOB_STATE_RUNNING
classifier-effnet-b3-v2-300px	JOB_STATE_RUNNING

--- Sat Mar 21 04:32:48 AM CET 2026 ---
CLASSIFIER WEIGHTS FOUND:
gs://ai-nm26osl-1792-nmiai/weights/classifier.pt
gs://ai-nm26osl-1792-nmiai/weights/classifier_efficientnet_b3.pt
swin-tiny-224px-v3	JOB_STATE_RUNNING
effnetv2-s-384px-v2	JOB_STATE_RUNNING
convnext-small-384px-v2	JOB_STATE_RUNNING
effnet-b3-384px-focal-v2	JOB_STATE_RUNNING
classifier-effnet-b3-v2-300px	JOB_STATE_RUNNING

--- Sat Mar 21 04:37:48 AM CET 2026 ---
CLASSIFIER WEIGHTS FOUND:
gs://ai-nm26osl-1792-nmiai/weights/classifier.pt
gs://ai-nm26osl-1792-nmiai/weights/classifier_efficientnet_b3.pt
swin-tiny-224px-v3	JOB_STATE_RUNNING
effnetv2-s-384px-v2	JOB_STATE_RUNNING
convnext-small-384px-v2	JOB_STATE_RUNNING
effnet-b3-384px-focal-v2	JOB_STATE_RUNNING
classifier-effnet-b3-v2-300px	JOB_STATE_RUNNING

--- Sat Mar 21 04:42:47 AM CET 2026 ---
CLASSIFIER WEIGHTS FOUND:
gs://ai-nm26osl-1792-nmiai/weights/classifier.pt
gs://ai-nm26osl-1792-nmiai/weights/classifier_efficientnet_b3.pt
swin-tiny-224px-v3	JOB_STATE_RUNNING
effnetv2-s-384px-v2	JOB_STATE_RUNNING
convnext-small-384px-v2	JOB_STATE_RUNNING
effnet-b3-384px-focal-v2	JOB_STATE_RUNNING
classifier-effnet-b3-v2-300px	JOB_STATE_RUNNING

--- Sat Mar 21 04:47:47 AM CET 2026 ---
CLASSIFIER WEIGHTS FOUND:
gs://ai-nm26osl-1792-nmiai/weights/classifier.pt
gs://ai-nm26osl-1792-nmiai/weights/classifier_efficientnet_b3.pt
eval-baseline-v6	JOB_STATE_PENDING
eval-with-classifier-v4	JOB_STATE_PENDING
swin-tiny-224px-v3	JOB_STATE_RUNNING
effnetv2-s-384px-v2	JOB_STATE_RUNNING
convnext-small-384px-v2	JOB_STATE_RUNNING
effnet-b3-384px-focal-v2	JOB_STATE_RUNNING
classifier-effnet-b3-v2-300px	JOB_STATE_RUNNING

--- Sat Mar 21 04:52:46 AM CET 2026 ---
CLASSIFIER WEIGHTS FOUND:
gs://ai-nm26osl-1792-nmiai/weights/classifier.pt
gs://ai-nm26osl-1792-nmiai/weights/classifier_efficientnet_b3.pt
eval-baseline-v6	JOB_STATE_PENDING
eval-with-classifier-v4	JOB_STATE_PENDING
swin-tiny-224px-v3	JOB_STATE_RUNNING
effnetv2-s-384px-v2	JOB_STATE_RUNNING
convnext-small-384px-v2	JOB_STATE_RUNNING
effnet-b3-384px-focal-v2	JOB_STATE_RUNNING
classifier-effnet-b3-v2-300px	JOB_STATE_RUNNING

--- Sat Mar 21 04:57:46 AM CET 2026 ---
CLASSIFIER WEIGHTS FOUND:
gs://ai-nm26osl-1792-nmiai/weights/classifier.pt
gs://ai-nm26osl-1792-nmiai/weights/classifier_efficientnet_b3.pt
eval-with-classifier-v4	JOB_STATE_RUNNING
eval-baseline-v6	JOB_STATE_RUNNING
swin-tiny-224px-v3	JOB_STATE_RUNNING
effnetv2-s-384px-v2	JOB_STATE_RUNNING
convnext-small-384px-v2	JOB_STATE_RUNNING
effnet-b3-384px-focal-v2	JOB_STATE_RUNNING
classifier-effnet-b3-v2-300px	JOB_STATE_RUNNING

--- Sat Mar 21 05:02:45 AM CET 2026 ---
CLASSIFIER WEIGHTS FOUND:
gs://ai-nm26osl-1792-nmiai/weights/classifier.pt
gs://ai-nm26osl-1792-nmiai/weights/classifier_efficientnet_b3.pt
eval-with-classifier-v4	JOB_STATE_RUNNING
eval-baseline-v6	JOB_STATE_RUNNING
swin-tiny-224px-v3	JOB_STATE_RUNNING
effnetv2-s-384px-v2	JOB_STATE_RUNNING
convnext-small-384px-v2	JOB_STATE_RUNNING
effnet-b3-384px-focal-v2	JOB_STATE_RUNNING
classifier-effnet-b3-v2-300px	JOB_STATE_RUNNING

--- Sat Mar 21 05:07:45 AM CET 2026 ---
CLASSIFIER WEIGHTS FOUND:
gs://ai-nm26osl-1792-nmiai/weights/classifier.pt
gs://ai-nm26osl-1792-nmiai/weights/classifier_efficientnet_b3.pt
swin-tiny-224px-v3	JOB_STATE_RUNNING
effnetv2-s-384px-v2	JOB_STATE_RUNNING
convnext-small-384px-v2	JOB_STATE_RUNNING
effnet-b3-384px-focal-v2	JOB_STATE_RUNNING
classifier-effnet-b3-v2-300px	JOB_STATE_RUNNING

--- Sat Mar 21 05:12:44 AM CET 2026 ---
CLASSIFIER WEIGHTS FOUND:
gs://ai-nm26osl-1792-nmiai/weights/classifier.pt
gs://ai-nm26osl-1792-nmiai/weights/classifier_efficientnet_b3.pt
swin-tiny-224px-v3	JOB_STATE_RUNNING
effnetv2-s-384px-v2	JOB_STATE_RUNNING
convnext-small-384px-v2	JOB_STATE_RUNNING
effnet-b3-384px-focal-v2	JOB_STATE_RUNNING
classifier-effnet-b3-v2-300px	JOB_STATE_RUNNING

--- Sat Mar 21 05:17:43 AM CET 2026 ---
CLASSIFIER WEIGHTS FOUND:
gs://ai-nm26osl-1792-nmiai/weights/classifier.pt
gs://ai-nm26osl-1792-nmiai/weights/classifier_efficientnet_b3.pt
swin-tiny-224px-v3	JOB_STATE_RUNNING
effnetv2-s-384px-v2	JOB_STATE_RUNNING
convnext-small-384px-v2	JOB_STATE_RUNNING
effnet-b3-384px-focal-v2	JOB_STATE_RUNNING
classifier-effnet-b3-v2-300px	JOB_STATE_RUNNING

--- Sat Mar 21 05:22:42 AM CET 2026 ---
CLASSIFIER WEIGHTS FOUND:
gs://ai-nm26osl-1792-nmiai/weights/classifier.pt
gs://ai-nm26osl-1792-nmiai/weights/classifier_efficientnet_b3.pt
eval-baseline-v7	JOB_STATE_PENDING
eval-with-classifier-v5	JOB_STATE_PENDING
swin-tiny-224px-v3	JOB_STATE_RUNNING
effnetv2-s-384px-v2	JOB_STATE_RUNNING
convnext-small-384px-v2	JOB_STATE_RUNNING
effnet-b3-384px-focal-v2	JOB_STATE_RUNNING
classifier-effnet-b3-v2-300px	JOB_STATE_RUNNING

--- Sat Mar 21 05:27:41 AM CET 2026 ---
CLASSIFIER WEIGHTS FOUND:
gs://ai-nm26osl-1792-nmiai/weights/classifier.pt
gs://ai-nm26osl-1792-nmiai/weights/classifier_efficientnet_b3.pt
eval-with-classifier-v5	JOB_STATE_RUNNING
eval-baseline-v7	JOB_STATE_RUNNING
swin-tiny-224px-v3	JOB_STATE_RUNNING
effnetv2-s-384px-v2	JOB_STATE_RUNNING
convnext-small-384px-v2	JOB_STATE_RUNNING
effnet-b3-384px-focal-v2	JOB_STATE_RUNNING
classifier-effnet-b3-v2-300px	JOB_STATE_RUNNING

--- Sat Mar 21 05:32:38 AM CET 2026 ---
CLASSIFIER WEIGHTS FOUND:
gs://ai-nm26osl-1792-nmiai/weights/classifier.pt
gs://ai-nm26osl-1792-nmiai/weights/classifier_efficientnet_b3.pt
eval-with-classifier-v5	JOB_STATE_RUNNING
eval-baseline-v7	JOB_STATE_RUNNING
swin-tiny-224px-v3	JOB_STATE_RUNNING
effnetv2-s-384px-v2	JOB_STATE_RUNNING
convnext-small-384px-v2	JOB_STATE_RUNNING
effnet-b3-384px-focal-v2	JOB_STATE_RUNNING
classifier-effnet-b3-v2-300px	JOB_STATE_RUNNING

--- Sat Mar 21 05:37:34 AM CET 2026 ---
CLASSIFIER WEIGHTS FOUND:
gs://ai-nm26osl-1792-nmiai/weights/classifier.pt
gs://ai-nm26osl-1792-nmiai/weights/classifier_efficientnet_b3.pt
eval-with-classifier-v5	JOB_STATE_RUNNING
eval-baseline-v7	JOB_STATE_RUNNING
swin-tiny-224px-v3	JOB_STATE_RUNNING
effnetv2-s-384px-v2	JOB_STATE_RUNNING
convnext-small-384px-v2	JOB_STATE_RUNNING
effnet-b3-384px-focal-v2	JOB_STATE_RUNNING
classifier-effnet-b3-v2-300px	JOB_STATE_RUNNING

--- Sat Mar 21 05:42:30 AM CET 2026 ---
CLASSIFIER WEIGHTS FOUND:
gs://ai-nm26osl-1792-nmiai/weights/classifier.pt
gs://ai-nm26osl-1792-nmiai/weights/classifier_efficientnet_b3.pt
swin-tiny-224px-v3	JOB_STATE_RUNNING
effnetv2-s-384px-v2	JOB_STATE_RUNNING
convnext-small-384px-v2	JOB_STATE_RUNNING
effnet-b3-384px-focal-v2	JOB_STATE_RUNNING
classifier-effnet-b3-v2-300px	JOB_STATE_RUNNING

--- Sat Mar 21 05:47:25 AM CET 2026 ---
CLASSIFIER WEIGHTS FOUND:
gs://ai-nm26osl-1792-nmiai/weights/classifier.pt
gs://ai-nm26osl-1792-nmiai/weights/classifier_efficientnet_b3.pt
swin-tiny-224px-v3	JOB_STATE_RUNNING
effnetv2-s-384px-v2	JOB_STATE_RUNNING
convnext-small-384px-v2	JOB_STATE_RUNNING
effnet-b3-384px-focal-v2	JOB_STATE_RUNNING
classifier-effnet-b3-v2-300px	JOB_STATE_RUNNING

--- Sat Mar 21 05:52:20 AM CET 2026 ---
CLASSIFIER WEIGHTS FOUND:
gs://ai-nm26osl-1792-nmiai/weights/classifier.pt
gs://ai-nm26osl-1792-nmiai/weights/classifier_efficientnet_b3.pt
swin-tiny-224px-v3	JOB_STATE_RUNNING
effnetv2-s-384px-v2	JOB_STATE_RUNNING
convnext-small-384px-v2	JOB_STATE_RUNNING
effnet-b3-384px-focal-v2	JOB_STATE_RUNNING
classifier-effnet-b3-v2-300px	JOB_STATE_RUNNING

--- Sat Mar 21 05:57:15 AM CET 2026 ---
CLASSIFIER WEIGHTS FOUND:
gs://ai-nm26osl-1792-nmiai/weights/classifier.pt
gs://ai-nm26osl-1792-nmiai/weights/classifier_efficientnet_b3.pt
eval-baseline-v8	JOB_STATE_PENDING
eval-with-classifier-v6	JOB_STATE_PENDING
swin-tiny-224px-v3	JOB_STATE_RUNNING
effnetv2-s-384px-v2	JOB_STATE_RUNNING
convnext-small-384px-v2	JOB_STATE_RUNNING
effnet-b3-384px-focal-v2	JOB_STATE_RUNNING
classifier-effnet-b3-v2-300px	JOB_STATE_RUNNING

--- Sat Mar 21 06:02:11 AM CET 2026 ---
CLASSIFIER WEIGHTS FOUND:
gs://ai-nm26osl-1792-nmiai/weights/classifier.pt
gs://ai-nm26osl-1792-nmiai/weights/classifier_efficientnet_b3.pt
eval-with-classifier-v6	JOB_STATE_RUNNING
eval-baseline-v8	JOB_STATE_RUNNING
swin-tiny-224px-v3	JOB_STATE_RUNNING
effnetv2-s-384px-v2	JOB_STATE_RUNNING
convnext-small-384px-v2	JOB_STATE_RUNNING
effnet-b3-384px-focal-v2	JOB_STATE_RUNNING
classifier-effnet-b3-v2-300px	JOB_STATE_RUNNING

--- Sat Mar 21 06:07:06 AM CET 2026 ---
CLASSIFIER WEIGHTS FOUND:
gs://ai-nm26osl-1792-nmiai/weights/classifier.pt
gs://ai-nm26osl-1792-nmiai/weights/classifier_efficientnet_b3.pt
eval-with-classifier-v6	JOB_STATE_RUNNING
eval-baseline-v8	JOB_STATE_RUNNING
swin-tiny-224px-v3	JOB_STATE_RUNNING
effnetv2-s-384px-v2	JOB_STATE_RUNNING
convnext-small-384px-v2	JOB_STATE_RUNNING
effnet-b3-384px-focal-v2	JOB_STATE_RUNNING
classifier-effnet-b3-v2-300px	JOB_STATE_RUNNING

--- Sat Mar 21 06:12:01 AM CET 2026 ---
CLASSIFIER WEIGHTS FOUND:
gs://ai-nm26osl-1792-nmiai/weights/classifier.pt
gs://ai-nm26osl-1792-nmiai/weights/classifier_efficientnet_b3.pt
eval-with-classifier-v6	JOB_STATE_RUNNING
swin-tiny-224px-v3	JOB_STATE_RUNNING
effnetv2-s-384px-v2	JOB_STATE_RUNNING
convnext-small-384px-v2	JOB_STATE_RUNNING
effnet-b3-384px-focal-v2	JOB_STATE_RUNNING
classifier-effnet-b3-v2-300px	JOB_STATE_RUNNING

--- Sat Mar 21 06:16:56 AM CET 2026 ---
CLASSIFIER WEIGHTS FOUND:
gs://ai-nm26osl-1792-nmiai/weights/classifier.pt
gs://ai-nm26osl-1792-nmiai/weights/classifier_efficientnet_b3.pt
swin-tiny-224px-v3	JOB_STATE_RUNNING
effnetv2-s-384px-v2	JOB_STATE_RUNNING
convnext-small-384px-v2	JOB_STATE_RUNNING
effnet-b3-384px-focal-v2	JOB_STATE_RUNNING
classifier-effnet-b3-v2-300px	JOB_STATE_RUNNING

--- Sat Mar 21 06:21:50 AM CET 2026 ---
CLASSIFIER WEIGHTS FOUND:
gs://ai-nm26osl-1792-nmiai/weights/classifier.pt
gs://ai-nm26osl-1792-nmiai/weights/classifier_efficientnet_b3.pt
swin-tiny-224px-v3	JOB_STATE_RUNNING
effnetv2-s-384px-v2	JOB_STATE_RUNNING
convnext-small-384px-v2	JOB_STATE_RUNNING
effnet-b3-384px-focal-v2	JOB_STATE_RUNNING
classifier-effnet-b3-v2-300px	JOB_STATE_RUNNING

--- Sat Mar 21 06:26:45 AM CET 2026 ---
CLASSIFIER WEIGHTS FOUND:
gs://ai-nm26osl-1792-nmiai/weights/classifier.pt
gs://ai-nm26osl-1792-nmiai/weights/classifier_efficientnet_b3.pt
eval-with-classifier-v7	JOB_STATE_PENDING
eval-baseline-v9	JOB_STATE_PENDING
swin-tiny-224px-v3	JOB_STATE_RUNNING
effnetv2-s-384px-v2	JOB_STATE_RUNNING
convnext-small-384px-v2	JOB_STATE_RUNNING
effnet-b3-384px-focal-v2	JOB_STATE_RUNNING
classifier-effnet-b3-v2-300px	JOB_STATE_RUNNING

--- Sat Mar 21 06:31:40 AM CET 2026 ---
CLASSIFIER WEIGHTS FOUND:
gs://ai-nm26osl-1792-nmiai/weights/classifier.pt
gs://ai-nm26osl-1792-nmiai/weights/classifier_efficientnet_b3.pt
eval-with-classifier-v7	JOB_STATE_PENDING
eval-baseline-v9	JOB_STATE_RUNNING
swin-tiny-224px-v3	JOB_STATE_RUNNING
effnetv2-s-384px-v2	JOB_STATE_RUNNING
convnext-small-384px-v2	JOB_STATE_RUNNING
effnet-b3-384px-focal-v2	JOB_STATE_RUNNING
classifier-effnet-b3-v2-300px	JOB_STATE_RUNNING

--- Sat Mar 21 06:36:34 AM CET 2026 ---
CLASSIFIER WEIGHTS FOUND:
gs://ai-nm26osl-1792-nmiai/weights/classifier.pt
gs://ai-nm26osl-1792-nmiai/weights/classifier_efficientnet_b3.pt
eval-with-classifier-v7	JOB_STATE_RUNNING
eval-baseline-v9	JOB_STATE_RUNNING
swin-tiny-224px-v3	JOB_STATE_RUNNING
effnetv2-s-384px-v2	JOB_STATE_RUNNING
convnext-small-384px-v2	JOB_STATE_RUNNING
effnet-b3-384px-focal-v2	JOB_STATE_RUNNING
classifier-effnet-b3-v2-300px	JOB_STATE_RUNNING

--- Sat Mar 21 06:41:29 AM CET 2026 ---
CLASSIFIER WEIGHTS FOUND:
gs://ai-nm26osl-1792-nmiai/weights/classifier.pt
gs://ai-nm26osl-1792-nmiai/weights/classifier_efficientnet_b3.pt
eval-with-classifier-v7	JOB_STATE_RUNNING
eval-baseline-v9	JOB_STATE_RUNNING
swin-tiny-224px-v3	JOB_STATE_RUNNING
effnetv2-s-384px-v2	JOB_STATE_RUNNING
convnext-small-384px-v2	JOB_STATE_RUNNING
effnet-b3-384px-focal-v2	JOB_STATE_RUNNING
classifier-effnet-b3-v2-300px	JOB_STATE_RUNNING

--- Sat Mar 21 06:46:23 AM CET 2026 ---
CLASSIFIER WEIGHTS FOUND:
gs://ai-nm26osl-1792-nmiai/weights/classifier.pt
gs://ai-nm26osl-1792-nmiai/weights/classifier_efficientnet_b3.pt
swin-tiny-224px-v3	JOB_STATE_RUNNING
effnetv2-s-384px-v2	JOB_STATE_RUNNING
convnext-small-384px-v2	JOB_STATE_RUNNING
effnet-b3-384px-focal-v2	JOB_STATE_RUNNING
classifier-effnet-b3-v2-300px	JOB_STATE_RUNNING

--- Sat Mar 21 06:51:16 AM CET 2026 ---
CLASSIFIER WEIGHTS FOUND:
gs://ai-nm26osl-1792-nmiai/weights/classifier.pt
gs://ai-nm26osl-1792-nmiai/weights/classifier_efficientnet_b3.pt
swin-tiny-224px-v3	JOB_STATE_RUNNING
effnetv2-s-384px-v2	JOB_STATE_RUNNING
convnext-small-384px-v2	JOB_STATE_RUNNING
effnet-b3-384px-focal-v2	JOB_STATE_RUNNING
classifier-effnet-b3-v2-300px	JOB_STATE_RUNNING

--- Sat Mar 21 06:56:10 AM CET 2026 ---
CLASSIFIER WEIGHTS FOUND:
gs://ai-nm26osl-1792-nmiai/weights/classifier.pt
gs://ai-nm26osl-1792-nmiai/weights/classifier_efficientnet_b3.pt
swin-tiny-224px-v3	JOB_STATE_RUNNING
effnetv2-s-384px-v2	JOB_STATE_RUNNING
convnext-small-384px-v2	JOB_STATE_RUNNING
effnet-b3-384px-focal-v2	JOB_STATE_RUNNING
classifier-effnet-b3-v2-300px	JOB_STATE_RUNNING

--- Sat Mar 21 07:01:04 AM CET 2026 ---
CLASSIFIER WEIGHTS FOUND:
gs://ai-nm26osl-1792-nmiai/weights/classifier.pt
gs://ai-nm26osl-1792-nmiai/weights/classifier_efficientnet_b3.pt
swin-tiny-224px-v3	JOB_STATE_RUNNING
effnetv2-s-384px-v2	JOB_STATE_RUNNING
convnext-small-384px-v2	JOB_STATE_RUNNING
effnet-b3-384px-focal-v2	JOB_STATE_RUNNING
classifier-effnet-b3-v2-300px	JOB_STATE_RUNNING

--- Sat Mar 21 07:05:58 AM CET 2026 ---
CLASSIFIER WEIGHTS FOUND:
gs://ai-nm26osl-1792-nmiai/weights/classifier.pt
gs://ai-nm26osl-1792-nmiai/weights/classifier_efficientnet_b3.pt
swin-tiny-224px-v3	JOB_STATE_RUNNING
effnetv2-s-384px-v2	JOB_STATE_RUNNING
convnext-small-384px-v2	JOB_STATE_RUNNING
effnet-b3-384px-focal-v2	JOB_STATE_RUNNING
classifier-effnet-b3-v2-300px	JOB_STATE_RUNNING

--- Sat Mar 21 07:10:52 AM CET 2026 ---
CLASSIFIER WEIGHTS FOUND:
gs://ai-nm26osl-1792-nmiai/weights/classifier.pt
gs://ai-nm26osl-1792-nmiai/weights/classifier_efficientnet_b3.pt
swin-tiny-224px-v3	JOB_STATE_RUNNING
effnetv2-s-384px-v2	JOB_STATE_RUNNING
convnext-small-384px-v2	JOB_STATE_RUNNING
effnet-b3-384px-focal-v2	JOB_STATE_RUNNING
classifier-effnet-b3-v2-300px	JOB_STATE_RUNNING

--- Sat Mar 21 07:15:46 AM CET 2026 ---
CLASSIFIER WEIGHTS FOUND:
gs://ai-nm26osl-1792-nmiai/weights/classifier.pt
gs://ai-nm26osl-1792-nmiai/weights/classifier_efficientnet_b3.pt
swin-tiny-224px-v3	JOB_STATE_RUNNING
effnetv2-s-384px-v2	JOB_STATE_RUNNING
convnext-small-384px-v2	JOB_STATE_RUNNING
effnet-b3-384px-focal-v2	JOB_STATE_RUNNING
classifier-effnet-b3-v2-300px	JOB_STATE_RUNNING

--- Sat Mar 21 07:20:40 AM CET 2026 ---
CLASSIFIER WEIGHTS FOUND:
gs://ai-nm26osl-1792-nmiai/weights/classifier.pt
gs://ai-nm26osl-1792-nmiai/weights/classifier_efficientnet_b3.pt
swin-tiny-224px-v3	JOB_STATE_RUNNING
effnetv2-s-384px-v2	JOB_STATE_RUNNING
convnext-small-384px-v2	JOB_STATE_RUNNING
effnet-b3-384px-focal-v2	JOB_STATE_RUNNING
classifier-effnet-b3-v2-300px	JOB_STATE_RUNNING

--- Sat Mar 21 07:25:34 AM CET 2026 ---
CLASSIFIER WEIGHTS FOUND:
gs://ai-nm26osl-1792-nmiai/weights/classifier.pt
gs://ai-nm26osl-1792-nmiai/weights/classifier_efficientnet_b3.pt
swin-tiny-224px-v3	JOB_STATE_RUNNING
effnetv2-s-384px-v2	JOB_STATE_RUNNING
convnext-small-384px-v2	JOB_STATE_RUNNING
effnet-b3-384px-focal-v2	JOB_STATE_RUNNING
classifier-effnet-b3-v2-300px	JOB_STATE_RUNNING

--- Sat Mar 21 07:30:28 AM CET 2026 ---
CLASSIFIER WEIGHTS FOUND:
gs://ai-nm26osl-1792-nmiai/weights/classifier.pt
gs://ai-nm26osl-1792-nmiai/weights/classifier_efficientnet_b3.pt
swin-tiny-224px-v3	JOB_STATE_RUNNING
effnetv2-s-384px-v2	JOB_STATE_RUNNING
convnext-small-384px-v2	JOB_STATE_RUNNING
effnet-b3-384px-focal-v2	JOB_STATE_RUNNING

--- Sat Mar 21 07:35:22 AM CET 2026 ---
CLASSIFIER WEIGHTS FOUND:
gs://ai-nm26osl-1792-nmiai/weights/classifier.pt
gs://ai-nm26osl-1792-nmiai/weights/classifier_efficientnet_b3.pt
swin-tiny-224px-v3	JOB_STATE_RUNNING
effnetv2-s-384px-v2	JOB_STATE_RUNNING
convnext-small-384px-v2	JOB_STATE_RUNNING
effnet-b3-384px-focal-v2	JOB_STATE_RUNNING

--- Sat Mar 21 07:40:16 AM CET 2026 ---
CLASSIFIER WEIGHTS FOUND:
gs://ai-nm26osl-1792-nmiai/weights/classifier.pt
gs://ai-nm26osl-1792-nmiai/weights/classifier_efficientnet_b3.pt
swin-tiny-224px-v3	JOB_STATE_RUNNING
effnetv2-s-384px-v2	JOB_STATE_RUNNING
convnext-small-384px-v2	JOB_STATE_RUNNING
effnet-b3-384px-focal-v2	JOB_STATE_RUNNING

--- Sat Mar 21 07:45:09 AM CET 2026 ---
CLASSIFIER WEIGHTS FOUND:
gs://ai-nm26osl-1792-nmiai/weights/classifier.pt
gs://ai-nm26osl-1792-nmiai/weights/classifier_efficientnet_b3.pt
swin-tiny-224px-v3	JOB_STATE_RUNNING
effnetv2-s-384px-v2	JOB_STATE_RUNNING
convnext-small-384px-v2	JOB_STATE_RUNNING
effnet-b3-384px-focal-v2	JOB_STATE_RUNNING

--- Sat Mar 21 07:50:02 AM CET 2026 ---
CLASSIFIER WEIGHTS FOUND:
gs://ai-nm26osl-1792-nmiai/weights/classifier.pt
gs://ai-nm26osl-1792-nmiai/weights/classifier_efficientnet_b3.pt
swin-tiny-224px-v3	JOB_STATE_RUNNING
effnetv2-s-384px-v2	JOB_STATE_RUNNING
convnext-small-384px-v2	JOB_STATE_RUNNING
effnet-b3-384px-focal-v2	JOB_STATE_RUNNING

--- Sat Mar 21 07:54:55 AM CET 2026 ---
CLASSIFIER WEIGHTS FOUND:
gs://ai-nm26osl-1792-nmiai/weights/classifier.pt
gs://ai-nm26osl-1792-nmiai/weights/classifier_efficientnet_b3.pt
swin-tiny-224px-v3	JOB_STATE_RUNNING
effnetv2-s-384px-v2	JOB_STATE_RUNNING
convnext-small-384px-v2	JOB_STATE_RUNNING
effnet-b3-384px-focal-v2	JOB_STATE_RUNNING

--- Sat Mar 21 07:59:48 AM CET 2026 ---
CLASSIFIER WEIGHTS FOUND:
gs://ai-nm26osl-1792-nmiai/weights/classifier.pt
gs://ai-nm26osl-1792-nmiai/weights/classifier_efficientnet_b3.pt
swin-tiny-224px-v3	JOB_STATE_RUNNING
effnetv2-s-384px-v2	JOB_STATE_RUNNING
convnext-small-384px-v2	JOB_STATE_RUNNING
effnet-b3-384px-focal-v2	JOB_STATE_RUNNING

--- Sat Mar 21 08:04:42 AM CET 2026 ---
CLASSIFIER WEIGHTS FOUND:
gs://ai-nm26osl-1792-nmiai/weights/classifier.pt
gs://ai-nm26osl-1792-nmiai/weights/classifier_efficientnet_b3.pt
swin-tiny-224px-v3	JOB_STATE_RUNNING
effnetv2-s-384px-v2	JOB_STATE_RUNNING
convnext-small-384px-v2	JOB_STATE_RUNNING
effnet-b3-384px-focal-v2	JOB_STATE_RUNNING

--- Sat Mar 21 08:09:35 AM CET 2026 ---
CLASSIFIER WEIGHTS FOUND:
gs://ai-nm26osl-1792-nmiai/weights/classifier.pt
gs://ai-nm26osl-1792-nmiai/weights/classifier_efficientnet_b3.pt
swin-tiny-224px-v3	JOB_STATE_RUNNING
effnetv2-s-384px-v2	JOB_STATE_RUNNING
convnext-small-384px-v2	JOB_STATE_RUNNING
effnet-b3-384px-focal-v2	JOB_STATE_RUNNING

--- Sat Mar 21 08:14:29 AM CET 2026 ---
CLASSIFIER WEIGHTS FOUND:
gs://ai-nm26osl-1792-nmiai/weights/classifier.pt
gs://ai-nm26osl-1792-nmiai/weights/classifier_efficientnet_b3.pt
swin-tiny-224px-v3	JOB_STATE_RUNNING
effnetv2-s-384px-v2	JOB_STATE_RUNNING
convnext-small-384px-v2	JOB_STATE_RUNNING
effnet-b3-384px-focal-v2	JOB_STATE_RUNNING

--- Sat Mar 21 08:19:22 AM CET 2026 ---
CLASSIFIER WEIGHTS FOUND:
gs://ai-nm26osl-1792-nmiai/weights/classifier.pt
gs://ai-nm26osl-1792-nmiai/weights/classifier_efficientnet_b3.pt
swin-tiny-224px-v3	JOB_STATE_RUNNING
effnetv2-s-384px-v2	JOB_STATE_RUNNING
convnext-small-384px-v2	JOB_STATE_RUNNING
effnet-b3-384px-focal-v2	JOB_STATE_RUNNING

--- Sat Mar 21 08:24:15 AM CET 2026 ---
CLASSIFIER WEIGHTS FOUND:
gs://ai-nm26osl-1792-nmiai/weights/classifier.pt
gs://ai-nm26osl-1792-nmiai/weights/classifier_efficientnet_b3.pt
swin-tiny-224px-v3	JOB_STATE_RUNNING
effnetv2-s-384px-v2	JOB_STATE_RUNNING
convnext-small-384px-v2	JOB_STATE_RUNNING
effnet-b3-384px-focal-v2	JOB_STATE_RUNNING

--- Sat Mar 21 08:29:08 AM CET 2026 ---
CLASSIFIER WEIGHTS FOUND:
gs://ai-nm26osl-1792-nmiai/weights/classifier.pt
gs://ai-nm26osl-1792-nmiai/weights/classifier_efficientnet_b3.pt
swin-tiny-224px-v3	JOB_STATE_RUNNING
effnetv2-s-384px-v2	JOB_STATE_RUNNING
convnext-small-384px-v2	JOB_STATE_RUNNING
effnet-b3-384px-focal-v2	JOB_STATE_RUNNING

--- Sat Mar 21 08:34:01 AM CET 2026 ---
CLASSIFIER WEIGHTS FOUND:
gs://ai-nm26osl-1792-nmiai/weights/classifier.pt
gs://ai-nm26osl-1792-nmiai/weights/classifier_efficientnet_b3.pt
swin-tiny-224px-v3	JOB_STATE_RUNNING
effnetv2-s-384px-v2	JOB_STATE_RUNNING
convnext-small-384px-v2	JOB_STATE_RUNNING
effnet-b3-384px-focal-v2	JOB_STATE_RUNNING

--- Sat Mar 21 08:38:54 AM CET 2026 ---
CLASSIFIER WEIGHTS FOUND:
gs://ai-nm26osl-1792-nmiai/weights/classifier.pt
gs://ai-nm26osl-1792-nmiai/weights/classifier_efficientnet_b3.pt
swin-tiny-224px-v3	JOB_STATE_RUNNING
effnetv2-s-384px-v2	JOB_STATE_RUNNING
convnext-small-384px-v2	JOB_STATE_RUNNING
effnet-b3-384px-focal-v2	JOB_STATE_RUNNING

--- Sat Mar 21 08:43:46 AM CET 2026 ---
CLASSIFIER WEIGHTS FOUND:
gs://ai-nm26osl-1792-nmiai/weights/classifier.pt
gs://ai-nm26osl-1792-nmiai/weights/classifier_efficientnet_b3.pt
swin-tiny-224px-v3	JOB_STATE_RUNNING
effnetv2-s-384px-v2	JOB_STATE_RUNNING
convnext-small-384px-v2	JOB_STATE_RUNNING
effnet-b3-384px-focal-v2	JOB_STATE_RUNNING

--- Sat Mar 21 08:48:39 AM CET 2026 ---
CLASSIFIER WEIGHTS FOUND:
gs://ai-nm26osl-1792-nmiai/weights/classifier.pt
gs://ai-nm26osl-1792-nmiai/weights/classifier_efficientnet_b3.pt
swin-tiny-224px-v3	JOB_STATE_RUNNING
effnetv2-s-384px-v2	JOB_STATE_RUNNING
convnext-small-384px-v2	JOB_STATE_RUNNING
effnet-b3-384px-focal-v2	JOB_STATE_RUNNING

--- Sat Mar 21 08:53:30 AM CET 2026 ---
CLASSIFIER WEIGHTS FOUND:
gs://ai-nm26osl-1792-nmiai/weights/classifier.pt
gs://ai-nm26osl-1792-nmiai/weights/classifier_efficientnet_b3.pt
swin-tiny-224px-v3	JOB_STATE_RUNNING
effnetv2-s-384px-v2	JOB_STATE_RUNNING
convnext-small-384px-v2	JOB_STATE_RUNNING
effnet-b3-384px-focal-v2	JOB_STATE_RUNNING
