=== Overnight monitoring started Sat Mar 21 01:27:17 AM CET 2026 ===
--- Sat Mar 21 01:57:39 AM CET 2026 ---
LINT: PASS
FORMAT: PASS
TESTS: -- Docs: https://docs.pytest.org/en/stable/how-to/capture-warnings.html

Sat Mar 21 02:00:27 AM CET 2026 | lint:0 | 71 passed, 1 skipped, 4 warnings in 4.02s
--- Sat Mar 21 02:28:03 AM CET 2026 ---
LINT: PASS
FORMAT: PASS
TESTS: -- Docs: https://docs.pytest.org/en/stable/how-to/capture-warnings.html

Sat Mar 21 02:30:21 AM CET 2026 | lint:0 | 71 passed, 1 skipped, 4 warnings in 4.18s
--- Sat Mar 21 02:58:26 AM CET 2026 ---
LINT: PASS
FORMAT: PASS
TESTS: -- Docs: https://docs.pytest.org/en/stable/how-to/capture-warnings.html

Sat Mar 21 03:00:29 AM CET 2026 | lint:0 | 71 passed, 1 skipped, 4 warnings in 3.91s
--- Sat Mar 21 03:28:49 AM CET 2026 ---
LINT: PASS
FORMAT: PASS
TESTS: -- Docs: https://docs.pytest.org/en/stable/how-to/capture-warnings.html

Sat Mar 21 03:30:27 AM CET 2026 | lint:0 | 71 passed, 1 skipped, 4 warnings in 4.14s
--- Sat Mar 21 03:59:12 AM CET 2026 ---
LINT: PASS
FORMAT: PASS
TESTS: -- Docs: https://docs.pytest.org/en/stable/how-to/capture-warnings.html

Sat Mar 21 04:00:27 AM CET 2026 | lint:0 | 71 passed, 1 skipped, 4 warnings in 4.00s
--- Sat Mar 21 04:29:33 AM CET 2026 ---
LINT: PASS
FORMAT: PASS
TESTS: -- Docs: https://docs.pytest.org/en/stable/how-to/capture-warnings.html

Sat Mar 21 04:30:28 AM CET 2026 | lint:0 | 71 passed, 1 skipped, 4 warnings in 1.88s
--- Sat Mar 21 04:59:49 AM CET 2026 ---
LINT: PASS
FORMAT: PASS
TESTS: -- Docs: https://docs.pytest.org/en/stable/how-to/capture-warnings.html

Sat Mar 21 05:00:26 AM CET 2026 | lint:0 | 71 passed, 1 skipped, 4 warnings in 1.85s
--- Sat Mar 21 05:30:02 AM CET 2026 ---
LINT: PASS
FORMAT: PASS
TESTS: -- Docs: https://docs.pytest.org/en/stable/how-to/capture-warnings.html

Sat Mar 21 05:30:25 AM CET 2026 | lint:0 | 71 passed, 1 skipped, 4 warnings in 1.91s
--- Sat Mar 21 05:59:55 AM CET 2026 ---
LINT: PASS
FORMAT: PASS
TESTS: -- Docs: https://docs.pytest.org/en/stable/how-to/capture-warnings.html

Sat Mar 21 06:00:28 AM CET 2026 | lint:0 | 71 passed, 1 skipped, 4 warnings in 1.96s
--- Sat Mar 21 06:29:41 AM CET 2026 ---
LINT: PASS
FORMAT: PASS
TESTS: -- Docs: https://docs.pytest.org/en/stable/how-to/capture-warnings.html

Sat Mar 21 06:30:19 AM CET 2026 | lint:0 | 71 passed, 1 skipped, 4 warnings in 1.97s
--- Sat Mar 21 06:59:26 AM CET 2026 ---
LINT: PASS
FORMAT: PASS
TESTS: -- Docs: https://docs.pytest.org/en/stable/how-to/capture-warnings.html

Sat Mar 21 07:00:31 AM CET 2026 | lint:0 | 71 passed, 1 skipped, 4 warnings in 4.12s
--- Sat Mar 21 07:29:09 AM CET 2026 ---
LINT: PASS
FORMAT: PASS
TESTS: -- Docs: https://docs.pytest.org/en/stable/how-to/capture-warnings.html

Sat Mar 21 07:30:29 AM CET 2026 | lint:0 | 71 passed, 1 skipped, 4 warnings in 4.05s
--- Sat Mar 21 07:58:48 AM CET 2026 ---
LINT: PASS
FORMAT: PASS
TESTS: -- Docs: https://docs.pytest.org/en/stable/how-to/capture-warnings.html

Sat Mar 21 08:00:31 AM CET 2026 | lint:0 | 71 passed, 1 skipped, 4 warnings in 4.08s
--- Sat Mar 21 08:28:24 AM CET 2026 ---
LINT: PASS
FORMAT: PASS
TESTS: -- Docs: https://docs.pytest.org/en/stable/how-to/capture-warnings.html

Sat Mar 21 08:30:21 AM CET 2026 | lint:0 | 71 passed, 1 skipped, 4 warnings in 4.18s
